This file contains any messages produced by compilers while
running configure, to aid debugging if configure makes a mistake.

It was created by HMMER configure 4.0dev, which was
generated by GNU Autoconf 2.69.  Invocation command line was

  $ ./configure --enable-mpi

## --------- ##
## Platform. ##
## --------- ##

hostname = eddyfs01.rc.fas.harvard.edu
uname -m = x86_64
uname -r = 2.6.32-573.22.1.el6.centos.plus.x86_64
uname -s = Linux
uname -v = #1 SMP Wed Mar 23 17:51:43 UTC 2016

/usr/bin/uname -p = unknown
/bin/uname -X     = unknown

/bin/arch              = x86_64
/usr/bin/arch -k       = unknown
/usr/convex/getsysinfo = unknown
/usr/bin/hostinfo      = unknown
/bin/machine           = unknown
/usr/bin/oslevel       = unknown
/bin/universe          = unknown

PATH: /n/eddyfs01/home/npcarter/.conda/envs/my_python/bin
PATH: /n/sw/intel-cluster-studio-2015/vtune_amplifier_xe_2015.1.0.367959/bin64
PATH: /n/sw/intel-cluster-studio-2015/composer_xe_2015.0.090/bin/intel64
PATH: /n/sw/intel-cluster-studio-2015/composer_xe_2015.0.090/mpirt/bin/intel64
PATH: /n/sw/intel-cluster-studio-2015/composer_xe_2015.0.090/debugger/gdb/intel64_mic/bin
PATH: /n/sw/intel-cluster-studio-2015/advisor_xe
PATH: /n/sw/intel-cluster-studio-2015/inspector_xe
PATH: /n/sw/intel-cluster-studio-2015/vtune_amplifier_xe
PATH: /n/sw/intel-cluster-studio-2015/bin
PATH: /usr/local/bin
PATH: /usr/lib64/qt-3.3/bin
PATH: /usr/local/bin
PATH: /bin
PATH: /usr/bin
PATH: /opt/dell/srvadmin/bin
PATH: /n/eddyfs01/home/npcarter/bin


## ----------- ##
## Core tests. ##
## ----------- ##

configure:2358: Configuring HMMER for your system.
configure:2504: checking build system type
configure:2518: result: x86_64-pc-linux-gnu
configure:2538: checking host system type
configure:2551: result: x86_64-pc-linux-gnu
configure:2601: Compiling for x86
configure:2615: Full HMMER source distribution - using full configuration
configure:2776: checking for gcc
configure:2803: result: icc
configure:3032: checking for C compiler version
configure:3041: icc --version >&5
icc (ICC) 15.0.0 20140723
Copyright (C) 1985-2014 Intel Corporation.  All rights reserved.

configure:3052: $? = 0
configure:3041: icc -v >&5
icc version 15.0.0 (gcc version 4.4.7 compatibility)
configure:3052: $? = 0
configure:3041: icc -V >&5
Intel(R) C Intel(R) 64 Compiler XE for applications running on Intel(R) 64, Version 15.0.0.090 Build 20140723
Copyright (C) 1985-2014 Intel Corporation.  All rights reserved.

configure:3052: $? = 0
configure:3041: icc -qversion >&5
icc: command line warning #10006: ignoring unknown option '-qversion'
icc: command line error: no files specified; for help type "icc -help"
configure:3052: $? = 1
configure:3072: checking whether the C compiler works
configure:3094: icc    conftest.c  >&5
configure:3098: $? = 0
configure:3146: result: yes
configure:3149: checking for C compiler default output file name
configure:3151: result: a.out
configure:3157: checking for suffix of executables
configure:3164: icc -o conftest    conftest.c  >&5
configure:3168: $? = 0
configure:3190: result: 
configure:3212: checking whether we are cross compiling
configure:3220: icc -o conftest    conftest.c  >&5
configure:3224: $? = 0
configure:3231: ./conftest
configure:3235: $? = 0
configure:3250: result: no
configure:3255: checking for suffix of object files
configure:3277: icc -c   conftest.c >&5
configure:3281: $? = 0
configure:3302: result: o
configure:3306: checking whether we are using the GNU C compiler
configure:3325: icc -c   conftest.c >&5
configure:3325: $? = 0
configure:3334: result: yes
configure:3343: checking whether icc accepts -g
configure:3363: icc -c -g  conftest.c >&5
configure:3363: $? = 0
configure:3404: result: yes
configure:3421: checking for icc option to accept ISO C89
configure:3484: icc  -c -g -O2  conftest.c >&5
configure:3484: $? = 0
configure:3497: result: none needed
configure:3519: checking for C compiler vendor
configure:3543: icc -c -g -O2  conftest.c >&5
configure:3543: $? = 0
configure:3550: result: intel
configure:3759: checking for the pthreads library -lpthreads
configure:3792: icc -o conftest -g -O2    conftest.c -lpthreads  >&5
ld: cannot find -lpthreads
configure:3792: $? = 1
configure: failed program was:
| /* confdefs.h */
| #define PACKAGE_NAME "HMMER"
| #define PACKAGE_TARNAME "hmmer"
| #define PACKAGE_VERSION "4.0dev"
| #define PACKAGE_STRING "HMMER 4.0dev"
| #define PACKAGE_BUGREPORT "sean@eddylab.org"
| #define PACKAGE_URL ""
| #define HMMER_DATE "Apr 2015"
| #define HMMER_COPYRIGHT "Copyright (C) 2015 Howard Hughes Medical Institute."
| #define HMMER_LICENSE "Freely distributed under the open source BSD license."
| #define HMMER_VERSION "4.0dev"
| #define HMMER_URL "hmmer.org"
| #define EASEL_DATE "Apr 2015"
| #define EASEL_COPYRIGHT "Copyright (C) 2015 Howard Hughes Medical Institute."
| #define EASEL_LICENSE "Freely distributed under the open source BSD license."
| #define EASEL_VERSION "h4.0dev"
| #define eslLIBRARY 1
| #define intel 1
| #define arm 2
| #define arm64 3
| #define p7_CPU_ARCH intel
| #define eslDEBUGLEVEL 0
| /* end confdefs.h.  */
| #include <pthread.h>
| int
| main ()
| {
| pthread_t th; pthread_join(th, 0);
|                      pthread_attr_init(0); pthread_cleanup_push(0, 0);
|                      pthread_create(0,0,0,0); pthread_cleanup_pop(0);
|   ;
|   return 0;
| }
configure:3801: result: no
configure:3704: checking whether pthreads work without any flags
configure:3792: icc -o conftest -g -O2    conftest.c   >&5
/tmp/iccgorCXp.o: In function `main':
/net/eddyfs01/srv/export/eddyfs01/share_root/home/npcarter/hmmer/hmmer-daemon/conftest.c:28: undefined reference to `pthread_join'
/net/eddyfs01/srv/export/eddyfs01/share_root/home/npcarter/hmmer/hmmer-daemon/conftest.c:29: undefined reference to `__pthread_register_cancel'
/net/eddyfs01/srv/export/eddyfs01/share_root/home/npcarter/hmmer/hmmer-daemon/conftest.c:30: undefined reference to `pthread_create'
/net/eddyfs01/srv/export/eddyfs01/share_root/home/npcarter/hmmer/hmmer-daemon/conftest.c:30: undefined reference to `__pthread_unregister_cancel'
configure:3792: $? = 1
configure: failed program was:
| /* confdefs.h */
| #define PACKAGE_NAME "HMMER"
| #define PACKAGE_TARNAME "hmmer"
| #define PACKAGE_VERSION "4.0dev"
| #define PACKAGE_STRING "HMMER 4.0dev"
| #define PACKAGE_BUGREPORT "sean@eddylab.org"
| #define PACKAGE_URL ""
| #define HMMER_DATE "Apr 2015"
| #define HMMER_COPYRIGHT "Copyright (C) 2015 Howard Hughes Medical Institute."
| #define HMMER_LICENSE "Freely distributed under the open source BSD license."
| #define HMMER_VERSION "4.0dev"
| #define HMMER_URL "hmmer.org"
| #define EASEL_DATE "Apr 2015"
| #define EASEL_COPYRIGHT "Copyright (C) 2015 Howard Hughes Medical Institute."
| #define EASEL_LICENSE "Freely distributed under the open source BSD license."
| #define EASEL_VERSION "h4.0dev"
| #define eslLIBRARY 1
| #define intel 1
| #define arm 2
| #define arm64 3
| #define p7_CPU_ARCH intel
| #define eslDEBUGLEVEL 0
| /* end confdefs.h.  */
| #include <pthread.h>
| int
| main ()
| {
| pthread_t th; pthread_join(th, 0);
|                      pthread_attr_init(0); pthread_cleanup_push(0, 0);
|                      pthread_create(0,0,0,0); pthread_cleanup_pop(0);
|   ;
|   return 0;
| }
configure:3801: result: no
configure:3709: checking whether pthreads work with -Kthread
configure:3792: icc -o conftest -g -O2 -Kthread   conftest.c   >&5
icc: command line warning #10159: invalid argument for option '-K'
/tmp/iccoPsuiJ.o: In function `main':
/net/eddyfs01/srv/export/eddyfs01/share_root/home/npcarter/hmmer/hmmer-daemon/conftest.c:28: undefined reference to `pthread_join'
/net/eddyfs01/srv/export/eddyfs01/share_root/home/npcarter/hmmer/hmmer-daemon/conftest.c:29: undefined reference to `__pthread_register_cancel'
/net/eddyfs01/srv/export/eddyfs01/share_root/home/npcarter/hmmer/hmmer-daemon/conftest.c:30: undefined reference to `pthread_create'
/net/eddyfs01/srv/export/eddyfs01/share_root/home/npcarter/hmmer/hmmer-daemon/conftest.c:30: undefined reference to `__pthread_unregister_cancel'
configure:3792: $? = 1
configure: failed program was:
| /* confdefs.h */
| #define PACKAGE_NAME "HMMER"
| #define PACKAGE_TARNAME "hmmer"
| #define PACKAGE_VERSION "4.0dev"
| #define PACKAGE_STRING "HMMER 4.0dev"
| #define PACKAGE_BUGREPORT "sean@eddylab.org"
| #define PACKAGE_URL ""
| #define HMMER_DATE "Apr 2015"
| #define HMMER_COPYRIGHT "Copyright (C) 2015 Howard Hughes Medical Institute."
| #define HMMER_LICENSE "Freely distributed under the open source BSD license."
| #define HMMER_VERSION "4.0dev"
| #define HMMER_URL "hmmer.org"
| #define EASEL_DATE "Apr 2015"
| #define EASEL_COPYRIGHT "Copyright (C) 2015 Howard Hughes Medical Institute."
| #define EASEL_LICENSE "Freely distributed under the open source BSD license."
| #define EASEL_VERSION "h4.0dev"
| #define eslLIBRARY 1
| #define intel 1
| #define arm 2
| #define arm64 3
| #define p7_CPU_ARCH intel
| #define eslDEBUGLEVEL 0
| /* end confdefs.h.  */
| #include <pthread.h>
| int
| main ()
| {
| pthread_t th; pthread_join(th, 0);
|                      pthread_attr_init(0); pthread_cleanup_push(0, 0);
|                      pthread_create(0,0,0,0); pthread_cleanup_pop(0);
|   ;
|   return 0;
| }
configure:3801: result: no
configure:3709: checking whether pthreads work with -kthread
configure:3792: icc -o conftest -g -O2 -kthread   conftest.c   >&5
icc: command line warning #10006: ignoring unknown option '-kthread'
/tmp/iccAlJLWX.o: In function `main':
/net/eddyfs01/srv/export/eddyfs01/share_root/home/npcarter/hmmer/hmmer-daemon/conftest.c:28: undefined reference to `pthread_join'
/net/eddyfs01/srv/export/eddyfs01/share_root/home/npcarter/hmmer/hmmer-daemon/conftest.c:29: undefined reference to `__pthread_register_cancel'
/net/eddyfs01/srv/export/eddyfs01/share_root/home/npcarter/hmmer/hmmer-daemon/conftest.c:30: undefined reference to `pthread_create'
/net/eddyfs01/srv/export/eddyfs01/share_root/home/npcarter/hmmer/hmmer-daemon/conftest.c:30: undefined reference to `__pthread_unregister_cancel'
configure:3792: $? = 1
configure: failed program was:
| /* confdefs.h */
| #define PACKAGE_NAME "HMMER"
| #define PACKAGE_TARNAME "hmmer"
| #define PACKAGE_VERSION "4.0dev"
| #define PACKAGE_STRING "HMMER 4.0dev"
| #define PACKAGE_BUGREPORT "sean@eddylab.org"
| #define PACKAGE_URL ""
| #define HMMER_DATE "Apr 2015"
| #define HMMER_COPYRIGHT "Copyright (C) 2015 Howard Hughes Medical Institute."
| #define HMMER_LICENSE "Freely distributed under the open source BSD license."
| #define HMMER_VERSION "4.0dev"
| #define HMMER_URL "hmmer.org"
| #define EASEL_DATE "Apr 2015"
| #define EASEL_COPYRIGHT "Copyright (C) 2015 Howard Hughes Medical Institute."
| #define EASEL_LICENSE "Freely distributed under the open source BSD license."
| #define EASEL_VERSION "h4.0dev"
| #define eslLIBRARY 1
| #define intel 1
| #define arm 2
| #define arm64 3
| #define p7_CPU_ARCH intel
| #define eslDEBUGLEVEL 0
| /* end confdefs.h.  */
| #include <pthread.h>
| int
| main ()
| {
| pthread_t th; pthread_join(th, 0);
|                      pthread_attr_init(0); pthread_cleanup_push(0, 0);
|                      pthread_create(0,0,0,0); pthread_cleanup_pop(0);
|   ;
|   return 0;
| }
configure:3801: result: no
configure:3759: checking for the pthreads library -llthread
configure:3792: icc -o conftest -g -O2    conftest.c -llthread  >&5
ld: cannot find -llthread
configure:3792: $? = 1
configure: failed program was:
| /* confdefs.h */
| #define PACKAGE_NAME "HMMER"
| #define PACKAGE_TARNAME "hmmer"
| #define PACKAGE_VERSION "4.0dev"
| #define PACKAGE_STRING "HMMER 4.0dev"
| #define PACKAGE_BUGREPORT "sean@eddylab.org"
| #define PACKAGE_URL ""
| #define HMMER_DATE "Apr 2015"
| #define HMMER_COPYRIGHT "Copyright (C) 2015 Howard Hughes Medical Institute."
| #define HMMER_LICENSE "Freely distributed under the open source BSD license."
| #define HMMER_VERSION "4.0dev"
| #define HMMER_URL "hmmer.org"
| #define EASEL_DATE "Apr 2015"
| #define EASEL_COPYRIGHT "Copyright (C) 2015 Howard Hughes Medical Institute."
| #define EASEL_LICENSE "Freely distributed under the open source BSD license."
| #define EASEL_VERSION "h4.0dev"
| #define eslLIBRARY 1
| #define intel 1
| #define arm 2
| #define arm64 3
| #define p7_CPU_ARCH intel
| #define eslDEBUGLEVEL 0
| /* end confdefs.h.  */
| #include <pthread.h>
| int
| main ()
| {
| pthread_t th; pthread_join(th, 0);
|                      pthread_attr_init(0); pthread_cleanup_push(0, 0);
|                      pthread_create(0,0,0,0); pthread_cleanup_pop(0);
|   ;
|   return 0;
| }
configure:3801: result: no
configure:3709: checking whether pthreads work with -pthread
configure:3792: icc -o conftest -g -O2 -pthread   conftest.c   >&5
configure:3792: $? = 0
configure:3801: result: yes
configure:3821: checking for joinable pthread attribute
configure:3834: icc -o conftest -g -O2 -pthread   conftest.c   >&5
configure:3834: $? = 0
configure:3866: result: PTHREAD_CREATE_JOINABLE
configure:3873: checking if more special flags are required for pthreads
configure:3883: result: no
configure:3895: checking for cc_r
configure:3923: result: icc
configure:4092: checking for gcc
configure:4119: result: icc
configure:4348: checking for C compiler version
configure:4357: icc --version >&5
icc (ICC) 15.0.0 20140723
Copyright (C) 1985-2014 Intel Corporation.  All rights reserved.

configure:4368: $? = 0
configure:4357: icc -v >&5
icc version 15.0.0 (gcc version 4.4.7 compatibility)
configure:4368: $? = 0
configure:4357: icc -V >&5
Intel(R) C Intel(R) 64 Compiler XE for applications running on Intel(R) 64, Version 15.0.0.090 Build 20140723
Copyright (C) 1985-2014 Intel Corporation.  All rights reserved.

configure:4368: $? = 0
configure:4357: icc -qversion >&5
icc: command line warning #10006: ignoring unknown option '-qversion'
icc: command line error: no files specified; for help type "icc -help"
configure:4368: $? = 1
configure:4372: checking whether we are using the GNU C compiler
configure:4400: result: yes
configure:4409: checking whether icc accepts -g
configure:4470: result: yes
configure:4487: checking for icc option to accept ISO C89
configure:4563: result: none needed
configure:4597: checking for a BSD-compatible install
configure:4665: result: /usr/bin/install -c
configure:4689: checking for mpicc
configure:4705: found /n/eddyfs01/home/npcarter/.conda/envs/my_python/bin/mpicc
configure:4716: result: mpicc
configure:4734: checking for MPI_Init
configure:4734: mpicc -o conftest -g -O2   conftest.c  >&5
configure:4734: $? = 0
configure:4734: result: yes
configure:4827: checking for mpi.h
configure:4840: mpicc -c -g -O2  conftest.c >&5
configure:4840: $? = 0
configure:4841: result: yes
configure:4873: checking how to run the C preprocessor
configure:4904: mpicc -E  conftest.c
configure:4904: $? = 0
configure:4918: mpicc -E  conftest.c
conftest.c(27): error #2379: cannot open source file "ac_nonexistent.h"
  #include <ac_nonexistent.h>
                             ^

configure:4918: $? = 2
configure: failed program was:
| /* confdefs.h */
| #define PACKAGE_NAME "HMMER"
| #define PACKAGE_TARNAME "hmmer"
| #define PACKAGE_VERSION "4.0dev"
| #define PACKAGE_STRING "HMMER 4.0dev"
| #define PACKAGE_BUGREPORT "sean@eddylab.org"
| #define PACKAGE_URL ""
| #define HMMER_DATE "Apr 2015"
| #define HMMER_COPYRIGHT "Copyright (C) 2015 Howard Hughes Medical Institute."
| #define HMMER_LICENSE "Freely distributed under the open source BSD license."
| #define HMMER_VERSION "4.0dev"
| #define HMMER_URL "hmmer.org"
| #define EASEL_DATE "Apr 2015"
| #define EASEL_COPYRIGHT "Copyright (C) 2015 Howard Hughes Medical Institute."
| #define EASEL_LICENSE "Freely distributed under the open source BSD license."
| #define EASEL_VERSION "h4.0dev"
| #define eslLIBRARY 1
| #define intel 1
| #define arm 2
| #define arm64 3
| #define p7_CPU_ARCH intel
| #define eslDEBUGLEVEL 0
| #define HMMER_THREADS 1
| #define HAVE_PTHREAD 1
| #define HAVE_MPI 1
| /* end confdefs.h.  */
| #include <ac_nonexistent.h>
configure:4943: result: mpicc -E
configure:4963: mpicc -E  conftest.c
configure:4963: $? = 0
configure:4977: mpicc -E  conftest.c
conftest.c(27): error #2379: cannot open source file "ac_nonexistent.h"
  #include <ac_nonexistent.h>
                             ^

configure:4977: $? = 2
configure: failed program was:
| /* confdefs.h */
| #define PACKAGE_NAME "HMMER"
| #define PACKAGE_TARNAME "hmmer"
| #define PACKAGE_VERSION "4.0dev"
| #define PACKAGE_STRING "HMMER 4.0dev"
| #define PACKAGE_BUGREPORT "sean@eddylab.org"
| #define PACKAGE_URL ""
| #define HMMER_DATE "Apr 2015"
| #define HMMER_COPYRIGHT "Copyright (C) 2015 Howard Hughes Medical Institute."
| #define HMMER_LICENSE "Freely distributed under the open source BSD license."
| #define HMMER_VERSION "4.0dev"
| #define HMMER_URL "hmmer.org"
| #define EASEL_DATE "Apr 2015"
| #define EASEL_COPYRIGHT "Copyright (C) 2015 Howard Hughes Medical Institute."
| #define EASEL_LICENSE "Freely distributed under the open source BSD license."
| #define EASEL_VERSION "h4.0dev"
| #define eslLIBRARY 1
| #define intel 1
| #define arm 2
| #define arm64 3
| #define p7_CPU_ARCH intel
| #define eslDEBUGLEVEL 0
| #define HMMER_THREADS 1
| #define HAVE_PTHREAD 1
| #define HAVE_MPI 1
| /* end confdefs.h.  */
| #include <ac_nonexistent.h>
configure:5009: checking for C compiler vendor
configure:5040: result: intel
configure:5380: checking for ranlib
configure:5396: found /usr/bin/ranlib
configure:5407: result: ranlib
configure:5431: checking for ar
configure:5450: found /usr/bin/ar
configure:5463: result: /usr/bin/ar
configure:5476: checking whether you have a GNU make
configure:5487: result: yes, you do; and we assume you will use it!
configure:5526: checking for mpicc option to produce PIC
configure:5612: result: -fPIC
configure:5680: checking for grep that handles long lines and -e
configure:5738: result: /bin/grep
configure:5743: checking for egrep
configure:5805: result: /bin/grep -E
configure:5810: checking for ANSI C header files
configure:5830: mpicc -c -O3    conftest.c >&5
configure:5830: $? = 0
configure:5903: mpicc -o conftest -O3     conftest.c  >&5
configure:5903: $? = 0
configure:5903: ./conftest
configure:5903: $? = 0
configure:5914: result: yes
configure:5927: checking for sys/types.h
configure:5927: mpicc -c -O3    conftest.c >&5
configure:5927: $? = 0
configure:5927: result: yes
configure:5927: checking for sys/stat.h
configure:5927: mpicc -c -O3    conftest.c >&5
configure:5927: $? = 0
configure:5927: result: yes
configure:5927: checking for stdlib.h
configure:5927: mpicc -c -O3    conftest.c >&5
configure:5927: $? = 0
configure:5927: result: yes
configure:5927: checking for string.h
configure:5927: mpicc -c -O3    conftest.c >&5
configure:5927: $? = 0
configure:5927: result: yes
configure:5927: checking for memory.h
configure:5927: mpicc -c -O3    conftest.c >&5
configure:5927: $? = 0
configure:5927: result: yes
configure:5927: checking for strings.h
configure:5927: mpicc -c -O3    conftest.c >&5
configure:5927: $? = 0
configure:5927: result: yes
configure:5927: checking for inttypes.h
configure:5927: mpicc -c -O3    conftest.c >&5
configure:5927: $? = 0
configure:5927: result: yes
configure:5927: checking for stdint.h
configure:5927: mpicc -c -O3    conftest.c >&5
configure:5927: $? = 0
configure:5927: result: yes
configure:5927: checking for unistd.h
configure:5927: mpicc -c -O3    conftest.c >&5
configure:5927: $? = 0
configure:5927: result: yes
configure:5939: checking emmintrin.h usability
configure:5939: mpicc -c -O3    conftest.c >&5
configure:5939: $? = 0
configure:5939: result: yes
configure:5939: checking emmintrin.h presence
configure:5939: mpicc -E   conftest.c
configure:5939: $? = 0
configure:5939: result: yes
configure:5939: checking for emmintrin.h
configure:5939: result: yes
configure:5942: checking if platform can run SSE/SSE2 instructions
configure:5961: mpicc -o conftest -O3     conftest.c  >&5
configure:5961: $? = 0
configure:5961: ./conftest
configure:5961: $? = 0
configure:5962: result: yes
configure:6030: checking whether AVX2 is supported
configure:6051: mpicc -c -O3    conftest.c >&5
configure:6051: $? = 0
configure:6057: result: yes
configure:6190: checking whether NEON is supported
configure:6203: mpicc -c -O3    conftest.c >&5
conftest.c(39): catastrophic error: cannot open source file "arm_neon.h"
  #include <arm_neon.h>
                       ^

compilation aborted for conftest.c (code 4)
configure:6203: $? = 4
configure: failed program was:
| /* confdefs.h */
| #define PACKAGE_NAME "HMMER"
| #define PACKAGE_TARNAME "hmmer"
| #define PACKAGE_VERSION "4.0dev"
| #define PACKAGE_STRING "HMMER 4.0dev"
| #define PACKAGE_BUGREPORT "sean@eddylab.org"
| #define PACKAGE_URL ""
| #define HMMER_DATE "Apr 2015"
| #define HMMER_COPYRIGHT "Copyright (C) 2015 Howard Hughes Medical Institute."
| #define HMMER_LICENSE "Freely distributed under the open source BSD license."
| #define HMMER_VERSION "4.0dev"
| #define HMMER_URL "hmmer.org"
| #define EASEL_DATE "Apr 2015"
| #define EASEL_COPYRIGHT "Copyright (C) 2015 Howard Hughes Medical Institute."
| #define EASEL_LICENSE "Freely distributed under the open source BSD license."
| #define EASEL_VERSION "h4.0dev"
| #define eslLIBRARY 1
| #define intel 1
| #define arm 2
| #define arm64 3
| #define p7_CPU_ARCH intel
| #define eslDEBUGLEVEL 0
| #define HMMER_THREADS 1
| #define HAVE_PTHREAD 1
| #define HAVE_MPI 1
| #define STDC_HEADERS 1
| #define HAVE_SYS_TYPES_H 1
| #define HAVE_SYS_STAT_H 1
| #define HAVE_STDLIB_H 1
| #define HAVE_STRING_H 1
| #define HAVE_MEMORY_H 1
| #define HAVE_STRINGS_H 1
| #define HAVE_INTTYPES_H 1
| #define HAVE_STDINT_H 1
| #define HAVE_UNISTD_H 1
| #define HAVE_SSE2 1
| #define HAVE_AVX2 1
| /* end confdefs.h.  */
| #include <arm_neon.h>
| int
| main ()
| {
|  int32x4_t x = vdupq_n_s32(0);
|   ;
|   return 0;
| }
configure:6209: result: no
configure:6247: mpicc -o conftest -O3 -mfpu=neon-fp16  -mfpu=neon-fp16  conftest.c  >&5
icc: command line warning #10159: invalid argument for option '-m'
icc: command line warning #10159: invalid argument for option '-m'
configure:6247: $? = 0
configure:6247: ./conftest
configure:6247: $? = 0
configure:6273: mpicc -o conftest -O3 -mfpu=neon-vfpv4  -mfpu=neon-vfpv4  conftest.c  >&5
icc: command line warning #10159: invalid argument for option '-m'
icc: command line warning #10159: invalid argument for option '-m'
configure:6273: $? = 0
configure:6273: ./conftest
configure:6273: $? = 0
configure:6299: mpicc -o conftest -O3 -mfpu=neon  -mfpu=neon  conftest.c  >&5
icc: command line warning #10159: invalid argument for option '-m'
icc: command line warning #10159: invalid argument for option '-m'
configure:6299: $? = 0
configure:6299: ./conftest
configure:6299: $? = 0
configure:6325: mpicc -o conftest -O3 -mfpu=neon-fp16  -mfpu=neon-fp16  conftest.c  >&5
icc: command line warning #10159: invalid argument for option '-m'
icc: command line warning #10159: invalid argument for option '-m'
configure:6325: $? = 0
configure:6325: ./conftest
configure:6325: $? = 0
configure:6351: mpicc -o conftest -O3 -mfpu=neon-vfpv4  -mfpu=neon-vfpv4  conftest.c  >&5
icc: command line warning #10159: invalid argument for option '-m'
icc: command line warning #10159: invalid argument for option '-m'
configure:6351: $? = 0
configure:6351: ./conftest
configure:6351: $? = 0
configure:6423: checking whether _MM_SET_FLUSH_ZERO_MODE is supported
configure:6439: mpicc -c -O3   conftest.c >&5
configure:6439: $? = 0
configure:6440: result: yes
configure:6605: checking whether AVX2 is supported
configure:6626: mpicc -c -O3    conftest.c >&5
configure:6626: $? = 0
configure:6632: result: yes
configure:6768: checking arm_neon.h usability
configure:6768: mpicc -c -O3 -mcpu=cortex-a15 -mfpu=neon-vfpv4  -mcpu=cortex-a15 -mfpu=neon-vfpv4 conftest.c >&5
icc: command line warning #10159: invalid argument for option '-m'
icc: command line warning #10159: invalid argument for option '-m'
icc: command line warning #10159: invalid argument for option '-m'
icc: command line warning #10159: invalid argument for option '-m'
conftest.c(75): catastrophic error: cannot open source file "arm_neon.h"
  #include <arm_neon.h>
                       ^

compilation aborted for conftest.c (code 4)
configure:6768: $? = 4
configure: failed program was:
| /* confdefs.h */
| #define PACKAGE_NAME "HMMER"
| #define PACKAGE_TARNAME "hmmer"
| #define PACKAGE_VERSION "4.0dev"
| #define PACKAGE_STRING "HMMER 4.0dev"
| #define PACKAGE_BUGREPORT "sean@eddylab.org"
| #define PACKAGE_URL ""
| #define HMMER_DATE "Apr 2015"
| #define HMMER_COPYRIGHT "Copyright (C) 2015 Howard Hughes Medical Institute."
| #define HMMER_LICENSE "Freely distributed under the open source BSD license."
| #define HMMER_VERSION "4.0dev"
| #define HMMER_URL "hmmer.org"
| #define EASEL_DATE "Apr 2015"
| #define EASEL_COPYRIGHT "Copyright (C) 2015 Howard Hughes Medical Institute."
| #define EASEL_LICENSE "Freely distributed under the open source BSD license."
| #define EASEL_VERSION "h4.0dev"
| #define eslLIBRARY 1
| #define intel 1
| #define arm 2
| #define arm64 3
| #define p7_CPU_ARCH intel
| #define eslDEBUGLEVEL 0
| #define HMMER_THREADS 1
| #define HAVE_PTHREAD 1
| #define HAVE_MPI 1
| #define STDC_HEADERS 1
| #define HAVE_SYS_TYPES_H 1
| #define HAVE_SYS_STAT_H 1
| #define HAVE_STDLIB_H 1
| #define HAVE_STRING_H 1
| #define HAVE_MEMORY_H 1
| #define HAVE_STRINGS_H 1
| #define HAVE_INTTYPES_H 1
| #define HAVE_STDINT_H 1
| #define HAVE_UNISTD_H 1
| #define HAVE_SSE2 1
| #define HAVE_AVX2 1
| #define HAVE_FLUSH_ZERO_MODE 1
| #define HAVE_SSE2 1
| #define HAVE_AVX2 1
| /* end confdefs.h.  */
| #include <stdio.h>
| #ifdef HAVE_SYS_TYPES_H
| # include <sys/types.h>
| #endif
| #ifdef HAVE_SYS_STAT_H
| # include <sys/stat.h>
| #endif
| #ifdef STDC_HEADERS
| # include <stdlib.h>
| # include <stddef.h>
| #else
| # ifdef HAVE_STDLIB_H
| #  include <stdlib.h>
| # endif
| #endif
| #ifdef HAVE_STRING_H
| # if !defined STDC_HEADERS && defined HAVE_MEMORY_H
| #  include <memory.h>
| # endif
| # include <string.h>
| #endif
| #ifdef HAVE_STRINGS_H
| # include <strings.h>
| #endif
| #ifdef HAVE_INTTYPES_H
| # include <inttypes.h>
| #endif
| #ifdef HAVE_STDINT_H
| # include <stdint.h>
| #endif
| #ifdef HAVE_UNISTD_H
| # include <unistd.h>
| #endif
| #include <arm_neon.h>
configure:6768: result: no
configure:6768: checking arm_neon.h presence
configure:6768: mpicc -E  -mcpu=cortex-a15 -mfpu=neon-vfpv4 conftest.c
icc: command line warning #10159: invalid argument for option '-m'
icc: command line warning #10159: invalid argument for option '-m'
conftest.c(42): error #2379: cannot open source file "arm_neon.h"
  #include <arm_neon.h>
                       ^

configure:6768: $? = 2
configure: failed program was:
| /* confdefs.h */
| #define PACKAGE_NAME "HMMER"
| #define PACKAGE_TARNAME "hmmer"
| #define PACKAGE_VERSION "4.0dev"
| #define PACKAGE_STRING "HMMER 4.0dev"
| #define PACKAGE_BUGREPORT "sean@eddylab.org"
| #define PACKAGE_URL ""
| #define HMMER_DATE "Apr 2015"
| #define HMMER_COPYRIGHT "Copyright (C) 2015 Howard Hughes Medical Institute."
| #define HMMER_LICENSE "Freely distributed under the open source BSD license."
| #define HMMER_VERSION "4.0dev"
| #define HMMER_URL "hmmer.org"
| #define EASEL_DATE "Apr 2015"
| #define EASEL_COPYRIGHT "Copyright (C) 2015 Howard Hughes Medical Institute."
| #define EASEL_LICENSE "Freely distributed under the open source BSD license."
| #define EASEL_VERSION "h4.0dev"
| #define eslLIBRARY 1
| #define intel 1
| #define arm 2
| #define arm64 3
| #define p7_CPU_ARCH intel
| #define eslDEBUGLEVEL 0
| #define HMMER_THREADS 1
| #define HAVE_PTHREAD 1
| #define HAVE_MPI 1
| #define STDC_HEADERS 1
| #define HAVE_SYS_TYPES_H 1
| #define HAVE_SYS_STAT_H 1
| #define HAVE_STDLIB_H 1
| #define HAVE_STRING_H 1
| #define HAVE_MEMORY_H 1
| #define HAVE_STRINGS_H 1
| #define HAVE_INTTYPES_H 1
| #define HAVE_STDINT_H 1
| #define HAVE_UNISTD_H 1
| #define HAVE_SSE2 1
| #define HAVE_AVX2 1
| #define HAVE_FLUSH_ZERO_MODE 1
| #define HAVE_SSE2 1
| #define HAVE_AVX2 1
| /* end confdefs.h.  */
| #include <arm_neon.h>
configure:6768: result: no
configure:6768: checking for arm_neon.h
configure:6768: result: no
configure:7025: checking for gzip
configure:7043: found /bin/gzip
configure:7056: result: /bin/gzip
configure:7137: checking for library containing clock_gettime
configure:7168: mpicc -o conftest -O3   conftest.c  >&5
configure:7168: $? = 0
configure:7185: result: none required
configure:7209: checking endian.h usability
configure:7209: mpicc -c -O3  conftest.c >&5
configure:7209: $? = 0
configure:7209: result: yes
configure:7209: checking endian.h presence
configure:7209: mpicc -E  conftest.c
configure:7209: $? = 0
configure:7209: result: yes
configure:7209: checking for endian.h
configure:7209: result: yes
configure:7209: checking for inttypes.h
configure:7209: result: yes
configure:7209: checking for stdint.h
configure:7209: result: yes
configure:7209: checking for unistd.h
configure:7209: result: yes
configure:7209: checking for sys/types.h
configure:7209: result: yes
configure:7209: checking netinet/in.h usability
configure:7209: mpicc -c -O3  conftest.c >&5
configure:7209: $? = 0
configure:7209: result: yes
configure:7209: checking netinet/in.h presence
configure:7209: mpicc -E  conftest.c
configure:7209: $? = 0
configure:7209: result: yes
configure:7209: checking for netinet/in.h
configure:7209: result: yes
configure:7225: checking sys/param.h usability
configure:7225: mpicc -c -O3  conftest.c >&5
configure:7225: $? = 0
configure:7225: result: yes
configure:7225: checking sys/param.h presence
configure:7225: mpicc -E  conftest.c
configure:7225: $? = 0
configure:7225: result: yes
configure:7225: checking for sys/param.h
configure:7225: result: yes
configure:7237: checking for sys/sysctl.h
configure:7237: mpicc -c -O3  conftest.c >&5
configure:7237: $? = 0
configure:7237: result: yes
configure:7267: checking for emmintrin.h
configure:7267: result: yes
configure:7267: checking pmmintrin.h usability
configure:7267: mpicc -c -O3  conftest.c >&5
configure:7267: $? = 0
configure:7267: result: yes
configure:7267: checking pmmintrin.h presence
configure:7267: mpicc -E  conftest.c
configure:7267: $? = 0
configure:7267: result: yes
configure:7267: checking for pmmintrin.h
configure:7267: result: yes
configure:7267: checking xmmintrin.h usability
configure:7267: mpicc -c -O3  conftest.c >&5
configure:7267: $? = 0
configure:7267: result: yes
configure:7267: checking xmmintrin.h presence
configure:7267: mpicc -E  conftest.c
configure:7267: $? = 0
configure:7267: result: yes
configure:7267: checking for xmmintrin.h
configure:7267: result: yes
configure:7286: checking whether byte ordering is bigendian
configure:7301: mpicc -c -O3  conftest.c >&5
conftest.c(55): error: identifier "not" is undefined
  	       not a universal capable compiler
  	       ^

conftest.c(55): error: expected a ";"
  	       not a universal capable compiler
  	             ^

compilation aborted for conftest.c (code 2)
configure:7301: $? = 2
configure: failed program was:
| /* confdefs.h */
| #define PACKAGE_NAME "HMMER"
| #define PACKAGE_TARNAME "hmmer"
| #define PACKAGE_VERSION "4.0dev"
| #define PACKAGE_STRING "HMMER 4.0dev"
| #define PACKAGE_BUGREPORT "sean@eddylab.org"
| #define PACKAGE_URL ""
| #define HMMER_DATE "Apr 2015"
| #define HMMER_COPYRIGHT "Copyright (C) 2015 Howard Hughes Medical Institute."
| #define HMMER_LICENSE "Freely distributed under the open source BSD license."
| #define HMMER_VERSION "4.0dev"
| #define HMMER_URL "hmmer.org"
| #define EASEL_DATE "Apr 2015"
| #define EASEL_COPYRIGHT "Copyright (C) 2015 Howard Hughes Medical Institute."
| #define EASEL_LICENSE "Freely distributed under the open source BSD license."
| #define EASEL_VERSION "h4.0dev"
| #define eslLIBRARY 1
| #define intel 1
| #define arm 2
| #define arm64 3
| #define p7_CPU_ARCH intel
| #define eslDEBUGLEVEL 0
| #define HMMER_THREADS 1
| #define HAVE_PTHREAD 1
| #define HAVE_MPI 1
| #define STDC_HEADERS 1
| #define HAVE_SYS_TYPES_H 1
| #define HAVE_SYS_STAT_H 1
| #define HAVE_STDLIB_H 1
| #define HAVE_STRING_H 1
| #define HAVE_MEMORY_H 1
| #define HAVE_STRINGS_H 1
| #define HAVE_INTTYPES_H 1
| #define HAVE_STDINT_H 1
| #define HAVE_UNISTD_H 1
| #define HAVE_SSE2 1
| #define HAVE_AVX2 1
| #define HAVE_FLUSH_ZERO_MODE 1
| #define HAVE_SSE2 1
| #define HAVE_AVX2 1
| #define HAVE_GZIP 1
| #define HAVE_ENDIAN_H 1
| #define HAVE_INTTYPES_H 1
| #define HAVE_STDINT_H 1
| #define HAVE_UNISTD_H 1
| #define HAVE_SYS_TYPES_H 1
| #define HAVE_NETINET_IN_H 1
| #define HAVE_SYS_PARAM_H 1
| #define HAVE_SYS_SYSCTL_H 1
| #define HAVE_EMMINTRIN_H 1
| #define HAVE_PMMINTRIN_H 1
| #define HAVE_XMMINTRIN_H 1
| /* end confdefs.h.  */
| #ifndef __APPLE_CC__
| 	       not a universal capable compiler
| 	     #endif
| 	     typedef int dummy;
| 
configure:7346: mpicc -c -O3  conftest.c >&5
configure:7346: $? = 0
configure:7364: mpicc -c -O3  conftest.c >&5
conftest.c(61): error: identifier "not" is undefined
  		 not big endian
  		 ^

conftest.c(61): error: expected a ";"
  		 not big endian
  		         ^

conftest.c(64): warning #12: parsing restarts here after previous syntax error
    ;
    ^

compilation aborted for conftest.c (code 2)
configure:7364: $? = 2
configure: failed program was:
| /* confdefs.h */
| #define PACKAGE_NAME "HMMER"
| #define PACKAGE_TARNAME "hmmer"
| #define PACKAGE_VERSION "4.0dev"
| #define PACKAGE_STRING "HMMER 4.0dev"
| #define PACKAGE_BUGREPORT "sean@eddylab.org"
| #define PACKAGE_URL ""
| #define HMMER_DATE "Apr 2015"
| #define HMMER_COPYRIGHT "Copyright (C) 2015 Howard Hughes Medical Institute."
| #define HMMER_LICENSE "Freely distributed under the open source BSD license."
| #define HMMER_VERSION "4.0dev"
| #define HMMER_URL "hmmer.org"
| #define EASEL_DATE "Apr 2015"
| #define EASEL_COPYRIGHT "Copyright (C) 2015 Howard Hughes Medical Institute."
| #define EASEL_LICENSE "Freely distributed under the open source BSD license."
| #define EASEL_VERSION "h4.0dev"
| #define eslLIBRARY 1
| #define intel 1
| #define arm 2
| #define arm64 3
| #define p7_CPU_ARCH intel
| #define eslDEBUGLEVEL 0
| #define HMMER_THREADS 1
| #define HAVE_PTHREAD 1
| #define HAVE_MPI 1
| #define STDC_HEADERS 1
| #define HAVE_SYS_TYPES_H 1
| #define HAVE_SYS_STAT_H 1
| #define HAVE_STDLIB_H 1
| #define HAVE_STRING_H 1
| #define HAVE_MEMORY_H 1
| #define HAVE_STRINGS_H 1
| #define HAVE_INTTYPES_H 1
| #define HAVE_STDINT_H 1
| #define HAVE_UNISTD_H 1
| #define HAVE_SSE2 1
| #define HAVE_AVX2 1
| #define HAVE_FLUSH_ZERO_MODE 1
| #define HAVE_SSE2 1
| #define HAVE_AVX2 1
| #define HAVE_GZIP 1
| #define HAVE_ENDIAN_H 1
| #define HAVE_INTTYPES_H 1
| #define HAVE_STDINT_H 1
| #define HAVE_UNISTD_H 1
| #define HAVE_SYS_TYPES_H 1
| #define HAVE_NETINET_IN_H 1
| #define HAVE_SYS_PARAM_H 1
| #define HAVE_SYS_SYSCTL_H 1
| #define HAVE_EMMINTRIN_H 1
| #define HAVE_PMMINTRIN_H 1
| #define HAVE_XMMINTRIN_H 1
| /* end confdefs.h.  */
| #include <sys/types.h>
| 		#include <sys/param.h>
| 
| int
| main ()
| {
| #if BYTE_ORDER != BIG_ENDIAN
| 		 not big endian
| 		#endif
| 
|   ;
|   return 0;
| }
configure:7492: result: no
configure:7510: checking for int8_t
configure:7510: mpicc -c -O3  conftest.c >&5
configure:7510: $? = 0
configure:7510: mpicc -c -O3  conftest.c >&5
conftest.c(91): error: the size of an array must be greater than zero
  static int test_array [1 - 2 * !((int8_t) (((((int8_t) 1 << N) << N) - 1) * 2 + 1)
                         ^

compilation aborted for conftest.c (code 2)
configure:7510: $? = 2
configure: failed program was:
| /* confdefs.h */
| #define PACKAGE_NAME "HMMER"
| #define PACKAGE_TARNAME "hmmer"
| #define PACKAGE_VERSION "4.0dev"
| #define PACKAGE_STRING "HMMER 4.0dev"
| #define PACKAGE_BUGREPORT "sean@eddylab.org"
| #define PACKAGE_URL ""
| #define HMMER_DATE "Apr 2015"
| #define HMMER_COPYRIGHT "Copyright (C) 2015 Howard Hughes Medical Institute."
| #define HMMER_LICENSE "Freely distributed under the open source BSD license."
| #define HMMER_VERSION "4.0dev"
| #define HMMER_URL "hmmer.org"
| #define EASEL_DATE "Apr 2015"
| #define EASEL_COPYRIGHT "Copyright (C) 2015 Howard Hughes Medical Institute."
| #define EASEL_LICENSE "Freely distributed under the open source BSD license."
| #define EASEL_VERSION "h4.0dev"
| #define eslLIBRARY 1
| #define intel 1
| #define arm 2
| #define arm64 3
| #define p7_CPU_ARCH intel
| #define eslDEBUGLEVEL 0
| #define HMMER_THREADS 1
| #define HAVE_PTHREAD 1
| #define HAVE_MPI 1
| #define STDC_HEADERS 1
| #define HAVE_SYS_TYPES_H 1
| #define HAVE_SYS_STAT_H 1
| #define HAVE_STDLIB_H 1
| #define HAVE_STRING_H 1
| #define HAVE_MEMORY_H 1
| #define HAVE_STRINGS_H 1
| #define HAVE_INTTYPES_H 1
| #define HAVE_STDINT_H 1
| #define HAVE_UNISTD_H 1
| #define HAVE_SSE2 1
| #define HAVE_AVX2 1
| #define HAVE_FLUSH_ZERO_MODE 1
| #define HAVE_SSE2 1
| #define HAVE_AVX2 1
| #define HAVE_GZIP 1
| #define HAVE_ENDIAN_H 1
| #define HAVE_INTTYPES_H 1
| #define HAVE_STDINT_H 1
| #define HAVE_UNISTD_H 1
| #define HAVE_SYS_TYPES_H 1
| #define HAVE_NETINET_IN_H 1
| #define HAVE_SYS_PARAM_H 1
| #define HAVE_SYS_SYSCTL_H 1
| #define HAVE_EMMINTRIN_H 1
| #define HAVE_PMMINTRIN_H 1
| #define HAVE_XMMINTRIN_H 1
| /* end confdefs.h.  */
| #include <stdio.h>
| #ifdef HAVE_SYS_TYPES_H
| # include <sys/types.h>
| #endif
| #ifdef HAVE_SYS_STAT_H
| # include <sys/stat.h>
| #endif
| #ifdef STDC_HEADERS
| # include <stdlib.h>
| # include <stddef.h>
| #else
| # ifdef HAVE_STDLIB_H
| #  include <stdlib.h>
| # endif
| #endif
| #ifdef HAVE_STRING_H
| # if !defined STDC_HEADERS && defined HAVE_MEMORY_H
| #  include <memory.h>
| # endif
| # include <string.h>
| #endif
| #ifdef HAVE_STRINGS_H
| # include <strings.h>
| #endif
| #ifdef HAVE_INTTYPES_H
| # include <inttypes.h>
| #endif
| #ifdef HAVE_STDINT_H
| # include <stdint.h>
| #endif
| #ifdef HAVE_UNISTD_H
| # include <unistd.h>
| #endif
| 	        enum { N = 8 / 2 - 1 };
| int
| main ()
| {
| static int test_array [1 - 2 * !((int8_t) (((((int8_t) 1 << N) << N) - 1) * 2 + 1)
| 		 < (int8_t) (((((int8_t) 1 << N) << N) - 1) * 2 + 2))];
| test_array [0] = 0;
| return test_array [0];
| 
|   ;
|   return 0;
| }
configure:7510: result: yes
configure:7521: checking for int16_t
configure:7521: mpicc -c -O3  conftest.c >&5
configure:7521: $? = 0
configure:7521: mpicc -c -O3  conftest.c >&5
conftest.c(91): error: the size of an array must be greater than zero
  static int test_array [1 - 2 * !((int16_t) (((((int16_t) 1 << N) << N) - 1) * 2 + 1)
                         ^

compilation aborted for conftest.c (code 2)
configure:7521: $? = 2
configure: failed program was:
| /* confdefs.h */
| #define PACKAGE_NAME "HMMER"
| #define PACKAGE_TARNAME "hmmer"
| #define PACKAGE_VERSION "4.0dev"
| #define PACKAGE_STRING "HMMER 4.0dev"
| #define PACKAGE_BUGREPORT "sean@eddylab.org"
| #define PACKAGE_URL ""
| #define HMMER_DATE "Apr 2015"
| #define HMMER_COPYRIGHT "Copyright (C) 2015 Howard Hughes Medical Institute."
| #define HMMER_LICENSE "Freely distributed under the open source BSD license."
| #define HMMER_VERSION "4.0dev"
| #define HMMER_URL "hmmer.org"
| #define EASEL_DATE "Apr 2015"
| #define EASEL_COPYRIGHT "Copyright (C) 2015 Howard Hughes Medical Institute."
| #define EASEL_LICENSE "Freely distributed under the open source BSD license."
| #define EASEL_VERSION "h4.0dev"
| #define eslLIBRARY 1
| #define intel 1
| #define arm 2
| #define arm64 3
| #define p7_CPU_ARCH intel
| #define eslDEBUGLEVEL 0
| #define HMMER_THREADS 1
| #define HAVE_PTHREAD 1
| #define HAVE_MPI 1
| #define STDC_HEADERS 1
| #define HAVE_SYS_TYPES_H 1
| #define HAVE_SYS_STAT_H 1
| #define HAVE_STDLIB_H 1
| #define HAVE_STRING_H 1
| #define HAVE_MEMORY_H 1
| #define HAVE_STRINGS_H 1
| #define HAVE_INTTYPES_H 1
| #define HAVE_STDINT_H 1
| #define HAVE_UNISTD_H 1
| #define HAVE_SSE2 1
| #define HAVE_AVX2 1
| #define HAVE_FLUSH_ZERO_MODE 1
| #define HAVE_SSE2 1
| #define HAVE_AVX2 1
| #define HAVE_GZIP 1
| #define HAVE_ENDIAN_H 1
| #define HAVE_INTTYPES_H 1
| #define HAVE_STDINT_H 1
| #define HAVE_UNISTD_H 1
| #define HAVE_SYS_TYPES_H 1
| #define HAVE_NETINET_IN_H 1
| #define HAVE_SYS_PARAM_H 1
| #define HAVE_SYS_SYSCTL_H 1
| #define HAVE_EMMINTRIN_H 1
| #define HAVE_PMMINTRIN_H 1
| #define HAVE_XMMINTRIN_H 1
| /* end confdefs.h.  */
| #include <stdio.h>
| #ifdef HAVE_SYS_TYPES_H
| # include <sys/types.h>
| #endif
| #ifdef HAVE_SYS_STAT_H
| # include <sys/stat.h>
| #endif
| #ifdef STDC_HEADERS
| # include <stdlib.h>
| # include <stddef.h>
| #else
| # ifdef HAVE_STDLIB_H
| #  include <stdlib.h>
| # endif
| #endif
| #ifdef HAVE_STRING_H
| # if !defined STDC_HEADERS && defined HAVE_MEMORY_H
| #  include <memory.h>
| # endif
| # include <string.h>
| #endif
| #ifdef HAVE_STRINGS_H
| # include <strings.h>
| #endif
| #ifdef HAVE_INTTYPES_H
| # include <inttypes.h>
| #endif
| #ifdef HAVE_STDINT_H
| # include <stdint.h>
| #endif
| #ifdef HAVE_UNISTD_H
| # include <unistd.h>
| #endif
| 	        enum { N = 16 / 2 - 1 };
| int
| main ()
| {
| static int test_array [1 - 2 * !((int16_t) (((((int16_t) 1 << N) << N) - 1) * 2 + 1)
| 		 < (int16_t) (((((int16_t) 1 << N) << N) - 1) * 2 + 2))];
| test_array [0] = 0;
| return test_array [0];
| 
|   ;
|   return 0;
| }
configure:7521: result: yes
configure:7532: checking for int32_t
configure:7532: mpicc -c -O3  conftest.c >&5
configure:7532: $? = 0
configure:7532: mpicc -c -O3  conftest.c >&5
conftest.c(92): warning #61: integer operation result is out of range
  		 < (int32_t) (((((int32_t) 1 << N) << N) - 1) * 2 + 2))];
  		                                                  ^

conftest.c(91): error: the size of an array must be greater than zero
  static int test_array [1 - 2 * !((int32_t) (((((int32_t) 1 << N) << N) - 1) * 2 + 1)
                         ^

compilation aborted for conftest.c (code 2)
configure:7532: $? = 2
configure: failed program was:
| /* confdefs.h */
| #define PACKAGE_NAME "HMMER"
| #define PACKAGE_TARNAME "hmmer"
| #define PACKAGE_VERSION "4.0dev"
| #define PACKAGE_STRING "HMMER 4.0dev"
| #define PACKAGE_BUGREPORT "sean@eddylab.org"
| #define PACKAGE_URL ""
| #define HMMER_DATE "Apr 2015"
| #define HMMER_COPYRIGHT "Copyright (C) 2015 Howard Hughes Medical Institute."
| #define HMMER_LICENSE "Freely distributed under the open source BSD license."
| #define HMMER_VERSION "4.0dev"
| #define HMMER_URL "hmmer.org"
| #define EASEL_DATE "Apr 2015"
| #define EASEL_COPYRIGHT "Copyright (C) 2015 Howard Hughes Medical Institute."
| #define EASEL_LICENSE "Freely distributed under the open source BSD license."
| #define EASEL_VERSION "h4.0dev"
| #define eslLIBRARY 1
| #define intel 1
| #define arm 2
| #define arm64 3
| #define p7_CPU_ARCH intel
| #define eslDEBUGLEVEL 0
| #define HMMER_THREADS 1
| #define HAVE_PTHREAD 1
| #define HAVE_MPI 1
| #define STDC_HEADERS 1
| #define HAVE_SYS_TYPES_H 1
| #define HAVE_SYS_STAT_H 1
| #define HAVE_STDLIB_H 1
| #define HAVE_STRING_H 1
| #define HAVE_MEMORY_H 1
| #define HAVE_STRINGS_H 1
| #define HAVE_INTTYPES_H 1
| #define HAVE_STDINT_H 1
| #define HAVE_UNISTD_H 1
| #define HAVE_SSE2 1
| #define HAVE_AVX2 1
| #define HAVE_FLUSH_ZERO_MODE 1
| #define HAVE_SSE2 1
| #define HAVE_AVX2 1
| #define HAVE_GZIP 1
| #define HAVE_ENDIAN_H 1
| #define HAVE_INTTYPES_H 1
| #define HAVE_STDINT_H 1
| #define HAVE_UNISTD_H 1
| #define HAVE_SYS_TYPES_H 1
| #define HAVE_NETINET_IN_H 1
| #define HAVE_SYS_PARAM_H 1
| #define HAVE_SYS_SYSCTL_H 1
| #define HAVE_EMMINTRIN_H 1
| #define HAVE_PMMINTRIN_H 1
| #define HAVE_XMMINTRIN_H 1
| /* end confdefs.h.  */
| #include <stdio.h>
| #ifdef HAVE_SYS_TYPES_H
| # include <sys/types.h>
| #endif
| #ifdef HAVE_SYS_STAT_H
| # include <sys/stat.h>
| #endif
| #ifdef STDC_HEADERS
| # include <stdlib.h>
| # include <stddef.h>
| #else
| # ifdef HAVE_STDLIB_H
| #  include <stdlib.h>
| # endif
| #endif
| #ifdef HAVE_STRING_H
| # if !defined STDC_HEADERS && defined HAVE_MEMORY_H
| #  include <memory.h>
| # endif
| # include <string.h>
| #endif
| #ifdef HAVE_STRINGS_H
| # include <strings.h>
| #endif
| #ifdef HAVE_INTTYPES_H
| # include <inttypes.h>
| #endif
| #ifdef HAVE_STDINT_H
| # include <stdint.h>
| #endif
| #ifdef HAVE_UNISTD_H
| # include <unistd.h>
| #endif
| 	        enum { N = 32 / 2 - 1 };
| int
| main ()
| {
| static int test_array [1 - 2 * !((int32_t) (((((int32_t) 1 << N) << N) - 1) * 2 + 1)
| 		 < (int32_t) (((((int32_t) 1 << N) << N) - 1) * 2 + 2))];
| test_array [0] = 0;
| return test_array [0];
| 
|   ;
|   return 0;
| }
configure:7532: result: yes
configure:7543: checking for int64_t
configure:7543: mpicc -c -O3  conftest.c >&5
configure:7543: $? = 0
configure:7543: mpicc -c -O3  conftest.c >&5
conftest.c(92): warning #61: integer operation result is out of range
  		 < (int64_t) (((((int64_t) 1 << N) << N) - 1) * 2 + 2))];
  		                                                  ^

conftest.c(91): error: the size of an array must be greater than zero
  static int test_array [1 - 2 * !((int64_t) (((((int64_t) 1 << N) << N) - 1) * 2 + 1)
                         ^

compilation aborted for conftest.c (code 2)
configure:7543: $? = 2
configure: failed program was:
| /* confdefs.h */
| #define PACKAGE_NAME "HMMER"
| #define PACKAGE_TARNAME "hmmer"
| #define PACKAGE_VERSION "4.0dev"
| #define PACKAGE_STRING "HMMER 4.0dev"
| #define PACKAGE_BUGREPORT "sean@eddylab.org"
| #define PACKAGE_URL ""
| #define HMMER_DATE "Apr 2015"
| #define HMMER_COPYRIGHT "Copyright (C) 2015 Howard Hughes Medical Institute."
| #define HMMER_LICENSE "Freely distributed under the open source BSD license."
| #define HMMER_VERSION "4.0dev"
| #define HMMER_URL "hmmer.org"
| #define EASEL_DATE "Apr 2015"
| #define EASEL_COPYRIGHT "Copyright (C) 2015 Howard Hughes Medical Institute."
| #define EASEL_LICENSE "Freely distributed under the open source BSD license."
| #define EASEL_VERSION "h4.0dev"
| #define eslLIBRARY 1
| #define intel 1
| #define arm 2
| #define arm64 3
| #define p7_CPU_ARCH intel
| #define eslDEBUGLEVEL 0
| #define HMMER_THREADS 1
| #define HAVE_PTHREAD 1
| #define HAVE_MPI 1
| #define STDC_HEADERS 1
| #define HAVE_SYS_TYPES_H 1
| #define HAVE_SYS_STAT_H 1
| #define HAVE_STDLIB_H 1
| #define HAVE_STRING_H 1
| #define HAVE_MEMORY_H 1
| #define HAVE_STRINGS_H 1
| #define HAVE_INTTYPES_H 1
| #define HAVE_STDINT_H 1
| #define HAVE_UNISTD_H 1
| #define HAVE_SSE2 1
| #define HAVE_AVX2 1
| #define HAVE_FLUSH_ZERO_MODE 1
| #define HAVE_SSE2 1
| #define HAVE_AVX2 1
| #define HAVE_GZIP 1
| #define HAVE_ENDIAN_H 1
| #define HAVE_INTTYPES_H 1
| #define HAVE_STDINT_H 1
| #define HAVE_UNISTD_H 1
| #define HAVE_SYS_TYPES_H 1
| #define HAVE_NETINET_IN_H 1
| #define HAVE_SYS_PARAM_H 1
| #define HAVE_SYS_SYSCTL_H 1
| #define HAVE_EMMINTRIN_H 1
| #define HAVE_PMMINTRIN_H 1
| #define HAVE_XMMINTRIN_H 1
| /* end confdefs.h.  */
| #include <stdio.h>
| #ifdef HAVE_SYS_TYPES_H
| # include <sys/types.h>
| #endif
| #ifdef HAVE_SYS_STAT_H
| # include <sys/stat.h>
| #endif
| #ifdef STDC_HEADERS
| # include <stdlib.h>
| # include <stddef.h>
| #else
| # ifdef HAVE_STDLIB_H
| #  include <stdlib.h>
| # endif
| #endif
| #ifdef HAVE_STRING_H
| # if !defined STDC_HEADERS && defined HAVE_MEMORY_H
| #  include <memory.h>
| # endif
| # include <string.h>
| #endif
| #ifdef HAVE_STRINGS_H
| # include <strings.h>
| #endif
| #ifdef HAVE_INTTYPES_H
| # include <inttypes.h>
| #endif
| #ifdef HAVE_STDINT_H
| # include <stdint.h>
| #endif
| #ifdef HAVE_UNISTD_H
| # include <unistd.h>
| #endif
| 	        enum { N = 64 / 2 - 1 };
| int
| main ()
| {
| static int test_array [1 - 2 * !((int64_t) (((((int64_t) 1 << N) << N) - 1) * 2 + 1)
| 		 < (int64_t) (((((int64_t) 1 << N) << N) - 1) * 2 + 2))];
| test_array [0] = 0;
| return test_array [0];
| 
|   ;
|   return 0;
| }
configure:7543: result: yes
configure:7554: checking for uint8_t
configure:7554: mpicc -c -O3  conftest.c >&5
configure:7554: $? = 0
configure:7554: result: yes
configure:7568: checking for uint16_t
configure:7568: mpicc -c -O3  conftest.c >&5
configure:7568: $? = 0
configure:7568: result: yes
configure:7580: checking for uint32_t
configure:7580: mpicc -c -O3  conftest.c >&5
configure:7580: $? = 0
configure:7580: result: yes
configure:7594: checking for uint64_t
configure:7594: mpicc -c -O3  conftest.c >&5
configure:7594: $? = 0
configure:7594: result: yes
configure:7608: checking for off_t
configure:7608: mpicc -c -O3  conftest.c >&5
configure:7608: $? = 0
configure:7608: mpicc -c -O3  conftest.c >&5
conftest.c(90): error: expected an expression
  if (sizeof ((off_t)))
                     ^

compilation aborted for conftest.c (code 2)
configure:7608: $? = 2
configure: failed program was:
| /* confdefs.h */
| #define PACKAGE_NAME "HMMER"
| #define PACKAGE_TARNAME "hmmer"
| #define PACKAGE_VERSION "4.0dev"
| #define PACKAGE_STRING "HMMER 4.0dev"
| #define PACKAGE_BUGREPORT "sean@eddylab.org"
| #define PACKAGE_URL ""
| #define HMMER_DATE "Apr 2015"
| #define HMMER_COPYRIGHT "Copyright (C) 2015 Howard Hughes Medical Institute."
| #define HMMER_LICENSE "Freely distributed under the open source BSD license."
| #define HMMER_VERSION "4.0dev"
| #define HMMER_URL "hmmer.org"
| #define EASEL_DATE "Apr 2015"
| #define EASEL_COPYRIGHT "Copyright (C) 2015 Howard Hughes Medical Institute."
| #define EASEL_LICENSE "Freely distributed under the open source BSD license."
| #define EASEL_VERSION "h4.0dev"
| #define eslLIBRARY 1
| #define intel 1
| #define arm 2
| #define arm64 3
| #define p7_CPU_ARCH intel
| #define eslDEBUGLEVEL 0
| #define HMMER_THREADS 1
| #define HAVE_PTHREAD 1
| #define HAVE_MPI 1
| #define STDC_HEADERS 1
| #define HAVE_SYS_TYPES_H 1
| #define HAVE_SYS_STAT_H 1
| #define HAVE_STDLIB_H 1
| #define HAVE_STRING_H 1
| #define HAVE_MEMORY_H 1
| #define HAVE_STRINGS_H 1
| #define HAVE_INTTYPES_H 1
| #define HAVE_STDINT_H 1
| #define HAVE_UNISTD_H 1
| #define HAVE_SSE2 1
| #define HAVE_AVX2 1
| #define HAVE_FLUSH_ZERO_MODE 1
| #define HAVE_SSE2 1
| #define HAVE_AVX2 1
| #define HAVE_GZIP 1
| #define HAVE_ENDIAN_H 1
| #define HAVE_INTTYPES_H 1
| #define HAVE_STDINT_H 1
| #define HAVE_UNISTD_H 1
| #define HAVE_SYS_TYPES_H 1
| #define HAVE_NETINET_IN_H 1
| #define HAVE_SYS_PARAM_H 1
| #define HAVE_SYS_SYSCTL_H 1
| #define HAVE_EMMINTRIN_H 1
| #define HAVE_PMMINTRIN_H 1
| #define HAVE_XMMINTRIN_H 1
| /* end confdefs.h.  */
| #include <stdio.h>
| #ifdef HAVE_SYS_TYPES_H
| # include <sys/types.h>
| #endif
| #ifdef HAVE_SYS_STAT_H
| # include <sys/stat.h>
| #endif
| #ifdef STDC_HEADERS
| # include <stdlib.h>
| # include <stddef.h>
| #else
| # ifdef HAVE_STDLIB_H
| #  include <stdlib.h>
| # endif
| #endif
| #ifdef HAVE_STRING_H
| # if !defined STDC_HEADERS && defined HAVE_MEMORY_H
| #  include <memory.h>
| # endif
| # include <string.h>
| #endif
| #ifdef HAVE_STRINGS_H
| # include <strings.h>
| #endif
| #ifdef HAVE_INTTYPES_H
| # include <inttypes.h>
| #endif
| #ifdef HAVE_STDINT_H
| # include <stdint.h>
| #endif
| #ifdef HAVE_UNISTD_H
| # include <unistd.h>
| #endif
| int
| main ()
| {
| if (sizeof ((off_t)))
| 	    return 0;
|   ;
|   return 0;
| }
configure:7608: result: yes
configure:7642: checking for __attribute__((noreturn))
configure:7663: mpicc -o conftest -O3   conftest.c  >&5
configure:7663: $? = 0
configure:7676: result: yes
configure:7696: checking for mkstemp
configure:7696: mpicc -o conftest -O3   conftest.c  >&5
configure:7696: $? = 0
configure:7696: result: yes
configure:7707: checking for popen
configure:7707: mpicc -o conftest -O3   conftest.c  >&5
configure:7707: $? = 0
configure:7707: result: yes
configure:7718: checking for strcasecmp
configure:7718: mpicc -o conftest -O3   conftest.c  >&5
configure:7718: $? = 0
configure:7718: result: yes
configure:7729: checking for times
configure:7729: mpicc -o conftest -O3   conftest.c  >&5
configure:7729: $? = 0
configure:7729: result: yes
configure:7740: checking for getpid
configure:7740: mpicc -o conftest -O3   conftest.c  >&5
configure:7740: $? = 0
configure:7740: result: yes
configure:7751: checking for strsep
configure:7751: mpicc -o conftest -O3   conftest.c  >&5
configure:7751: $? = 0
configure:7751: result: yes
configure:7762: checking for sysctl
configure:7762: mpicc -o conftest -O3   conftest.c  >&5
configure:7762: $? = 0
configure:7762: result: yes
configure:7773: checking for sysconf
configure:7773: mpicc -o conftest -O3   conftest.c  >&5
configure:7773: $? = 0
configure:7773: result: yes
configure:7784: checking for getcwd
configure:7784: mpicc -o conftest -O3   conftest.c  >&5
configure:7784: $? = 0
configure:7784: result: yes
configure:7795: checking for stat
configure:7795: mpicc -o conftest -O3   conftest.c  >&5
configure:7795: $? = 0
configure:7795: result: yes
configure:7806: checking for strsep
configure:7806: result: yes
configure:7817: checking for fstat
configure:7817: mpicc -o conftest -O3   conftest.c  >&5
configure:7817: $? = 0
configure:7817: result: yes
configure:7828: checking for erfc
configure:7828: mpicc -o conftest -O3   conftest.c  >&5
configure:7828: $? = 0
configure:7828: result: yes
configure:7840: checking for ntohs
configure:7840: mpicc -o conftest -O3   conftest.c  >&5
configure:7840: $? = 0
configure:7840: result: yes
configure:7897: checking for ntohl
configure:7897: mpicc -o conftest -O3   conftest.c  >&5
configure:7897: $? = 0
configure:7897: result: yes
configure:7954: checking for htons
configure:7954: mpicc -o conftest -O3   conftest.c  >&5
configure:7954: $? = 0
configure:7954: result: yes
configure:8011: checking for htonl
configure:8011: mpicc -o conftest -O3   conftest.c  >&5
configure:8011: $? = 0
configure:8011: result: yes
configure:8066: checking for _LARGEFILE_SOURCE value needed for large files
configure:8085: mpicc -o conftest -O3   conftest.c  >&5
configure:8085: $? = 0
configure:8113: result: no
configure:8145: checking for special C compiler options needed for large files
configure:8190: result: no
configure:8196: checking for _FILE_OFFSET_BITS value needed for large files
configure:8221: mpicc -c -O3  conftest.c >&5
configure:8221: $? = 0
configure:8253: result: no
configure:8479: creating ./config.status

## ---------------------- ##
## Running config.status. ##
## ---------------------- ##

This file was extended by HMMER config.status 4.0dev, which was
generated by GNU Autoconf 2.69.  Invocation command line was

  CONFIG_FILES    = 
  CONFIG_HEADERS  = 
  CONFIG_LINKS    = 
  CONFIG_COMMANDS = 
  $ ./config.status 

on eddyfs01.rc.fas.harvard.edu

config.status:924: creating documentation/release-notes/LICENSE.sh
config.status:924: creating documentation/Makefile
config.status:924: creating documentation/man/Makefile
config.status:924: creating documentation/userguide/Makefile
config.status:924: creating src/Makefile
config.status:924: creating src/Makefile-subdirs.mk
config.status:924: creating src/base/Makefile
config.status:924: creating src/build/Makefile
config.status:924: creating src/daemon/Makefile
config.status:924: creating src/dp_reference/Makefile
config.status:924: creating src/dp_sparse/Makefile
config.status:924: creating src/dp_vector/Makefile
config.status:924: creating src/experiments/Makefile
config.status:924: creating src/hardware/Makefile
config.status:924: creating src/misc/Makefile
config.status:924: creating src/programs/Makefile
config.status:924: creating src/sandbox/Makefile
config.status:924: creating src/search/Makefile
config.status:924: creating src/utilities/Makefile
config.status:924: creating testsuite/Makefile
config.status:924: creating benchmarks/Makefile
config.status:924: creating benchmarks/profmark/Makefile
config.status:924: creating benchmarks/speed/Makefile
config.status:924: creating lib/easel/LICENSE.sh
config.status:924: creating lib/easel/miniapps/Makefile
config.status:924: creating lib/easel/testsuite/Makefile
config.status:924: creating lib/easel/documentation/Makefile
config.status:924: creating lib/easel/Makefile
config.status:924: creating lib/libdivsufsort/Makefile
config.status:924: creating Makefile
config.status:924: creating src/p7_config.h
config.status:1099: src/p7_config.h is unchanged
config.status:924: creating lib/easel/esl_config.h
config.status:924: creating lib/libdivsufsort/divsufsort.h
config.status:1099: lib/libdivsufsort/divsufsort.h is unchanged

## ---------------- ##
## Cache variables. ##
## ---------------- ##

ac_cv_build=x86_64-pc-linux-gnu
ac_cv_c_bigendian=no
ac_cv_c_compiler_gnu=yes
ac_cv_c_int16_t=yes
ac_cv_c_int32_t=yes
ac_cv_c_int64_t=yes
ac_cv_c_int8_t=yes
ac_cv_c_uint16_t=yes
ac_cv_c_uint32_t=yes
ac_cv_c_uint64_t=yes
ac_cv_c_uint8_t=yes
ac_cv_env_CC_set=set
ac_cv_env_CC_value=icc
ac_cv_env_CFLAGS_set=
ac_cv_env_CFLAGS_value=
ac_cv_env_CPPFLAGS_set=
ac_cv_env_CPPFLAGS_value=
ac_cv_env_CPP_set=
ac_cv_env_CPP_value=
ac_cv_env_LDFLAGS_set=
ac_cv_env_LDFLAGS_value=
ac_cv_env_LIBS_set=
ac_cv_env_LIBS_value=
ac_cv_env_MPICC_set=
ac_cv_env_MPICC_value=
ac_cv_env_PIC_FLAGS_set=
ac_cv_env_PIC_FLAGS_value=
ac_cv_env_build_alias_set=
ac_cv_env_build_alias_value=
ac_cv_env_host_alias_set=
ac_cv_env_host_alias_value=
ac_cv_env_target_alias_set=
ac_cv_env_target_alias_value=
ac_cv_func_MPI_Init=yes
ac_cv_func_erfc=yes
ac_cv_func_fstat=yes
ac_cv_func_getcwd=yes
ac_cv_func_getpid=yes
ac_cv_func_htonl=yes
ac_cv_func_htons=yes
ac_cv_func_mkstemp=yes
ac_cv_func_ntohl=yes
ac_cv_func_ntohs=yes
ac_cv_func_popen=yes
ac_cv_func_stat=yes
ac_cv_func_strcasecmp=yes
ac_cv_func_strsep=yes
ac_cv_func_sysconf=yes
ac_cv_func_sysctl=yes
ac_cv_func_times=yes
ac_cv_header_arm_neon_h=no
ac_cv_header_emmintrin_h=yes
ac_cv_header_endian_h=yes
ac_cv_header_inttypes_h=yes
ac_cv_header_memory_h=yes
ac_cv_header_netinet_in_h=yes
ac_cv_header_pmmintrin_h=yes
ac_cv_header_stdc=yes
ac_cv_header_stdint_h=yes
ac_cv_header_stdlib_h=yes
ac_cv_header_string_h=yes
ac_cv_header_strings_h=yes
ac_cv_header_sys_param_h=yes
ac_cv_header_sys_stat_h=yes
ac_cv_header_sys_sysctl_h=yes
ac_cv_header_sys_types_h=yes
ac_cv_header_unistd_h=yes
ac_cv_header_xmmintrin_h=yes
ac_cv_host=x86_64-pc-linux-gnu
ac_cv_objext=o
ac_cv_path_AR=/usr/bin/ar
ac_cv_path_EGREP='/bin/grep -E'
ac_cv_path_GREP=/bin/grep
ac_cv_path_HAVE_GZIP=/bin/gzip
ac_cv_path_install='/usr/bin/install -c'
ac_cv_prog_CPP='mpicc -E'
ac_cv_prog_MPICC=mpicc
ac_cv_prog_PTHREAD_CC=icc
ac_cv_prog_ac_ct_CC=icc
ac_cv_prog_ac_ct_RANLIB=ranlib
ac_cv_prog_cc_c89=
ac_cv_prog_cc_g=yes
ac_cv_search_clock_gettime='none required'
ac_cv_sys_file_offset_bits=no
ac_cv_sys_largefile_CC=no
ac_cv_sys_largefile_source=no
ac_cv_type_off_t=yes
ax_cv_c_compiler_vendor=intel
ax_cv_have_func_attribute_noreturn=yes

## ----------------- ##
## Output variables. ##
## ----------------- ##

AR='/usr/bin/ar'
ARM_CFLAGS='-mcpu=cortex-a15 -mfpu=neon-vfpv4'
AVX512_CFLAGS=''
AVX_CFLAGS=''
CC='mpicc'
CFLAGS='-O3'
CPP='mpicc -E'
CPPFLAGS=''
DEFS='-DHAVE_CONFIG_H'
EASEL_COPYRIGHT='Copyright (C) 2015 Howard Hughes Medical Institute.'
EASEL_DATE='Apr 2015'
EASEL_LICENSE='Freely distributed under the open source BSD license.'
EASEL_URL='http://bioeasel.org/'
EASEL_VERSION='h4.0dev'
ECHO_C=''
ECHO_N='-n'
ECHO_T=''
EGREP='/bin/grep -E'
EXEC_DEPENDENCY='%: %.o'
EXEEXT=''
GREP='/bin/grep'
HAVE_GZIP='/bin/gzip'
HMMER_COPYRIGHT='Copyright (C) 2015 Howard Hughes Medical Institute.'
HMMER_DATE='Apr 2015'
HMMER_ESLDIR='lib/easel'
HMMER_LICENSE='Freely distributed under the open source BSD license.'
HMMER_SADIR='lib/libdivsufsort'
HMMER_URL='hmmer.org'
HMMER_VERSION='4.0dev'
INSTALL_DATA='${INSTALL} -m 644'
INSTALL_PROGRAM='${INSTALL}'
INSTALL_SCRIPT='${INSTALL}'
LDFLAGS=''
LIBGSL=''
LIBOBJS=''
LIBS=''
LTLIBOBJS=''
MPICC='mpicc'
MPILIBS=' '
NEON64_CFLAGS='-mcpu=cortex-a15 -mfpu=neon-vfpv4'
NEON_CFLAGS='-mcpu=cortex-a15 -mfpu=neon-vfpv4'
OBJEXT='o'
PACKAGE_BUGREPORT='sean@eddylab.org'
PACKAGE_NAME='HMMER'
PACKAGE_STRING='HMMER 4.0dev'
PACKAGE_TARNAME='hmmer'
PACKAGE_URL=''
PACKAGE_VERSION='4.0dev'
PATH_SEPARATOR=':'
PIC_FLAGS='-fPIC'
PTHREAD_CC='icc'
PTHREAD_CFLAGS='-pthread'
PTHREAD_LIBS=''
RANLIB='ranlib'
SHELL='/bin/sh'
SSE_CFLAGS=''
ac_ct_CC='icc'
acx_pthread_config=''
bindir='${exec_prefix}/bin'
build='x86_64-pc-linux-gnu'
build_alias=''
build_cpu='x86_64'
build_os='linux-gnu'
build_vendor='pc'
datadir='${datarootdir}'
datarootdir='${prefix}/share'
docdir='${datarootdir}/doc/${PACKAGE_TARNAME}'
dvidir='${docdir}'
exec_prefix='${prefix}'
host='x86_64-pc-linux-gnu'
host_alias=''
host_cpu='x86_64'
host_os='linux-gnu'
host_vendor='pc'
htmldir='${docdir}'
includedir='${prefix}/include'
infodir='${datarootdir}/info'
libdir='${exec_prefix}/lib'
libexecdir='${exec_prefix}/libexec'
localedir='${datarootdir}/locale'
localstatedir='${prefix}/var'
mandir='${datarootdir}/man'
oldincludedir='/usr/include'
pdfdir='${docdir}'
prefix='/usr/local'
program_transform_name='s,x,x,'
psdir='${docdir}'
sbindir='${exec_prefix}/sbin'
sharedstatedir='${prefix}/com'
sysconfdir='${prefix}/etc'
target_alias=''

## ----------- ##
## confdefs.h. ##
## ----------- ##

/* confdefs.h */
#define PACKAGE_NAME "HMMER"
#define PACKAGE_TARNAME "hmmer"
#define PACKAGE_VERSION "4.0dev"
#define PACKAGE_STRING "HMMER 4.0dev"
#define PACKAGE_BUGREPORT "sean@eddylab.org"
#define PACKAGE_URL ""
#define HMMER_DATE "Apr 2015"
#define HMMER_COPYRIGHT "Copyright (C) 2015 Howard Hughes Medical Institute."
#define HMMER_LICENSE "Freely distributed under the open source BSD license."
#define HMMER_VERSION "4.0dev"
#define HMMER_URL "hmmer.org"
#define EASEL_DATE "Apr 2015"
#define EASEL_COPYRIGHT "Copyright (C) 2015 Howard Hughes Medical Institute."
#define EASEL_LICENSE "Freely distributed under the open source BSD license."
#define EASEL_VERSION "h4.0dev"
#define eslLIBRARY 1
#define intel 1
#define arm 2
#define arm64 3
#define p7_CPU_ARCH intel
#define eslDEBUGLEVEL 0
#define HMMER_THREADS 1
#define HAVE_PTHREAD 1
#define HAVE_MPI 1
#define STDC_HEADERS 1
#define HAVE_SYS_TYPES_H 1
#define HAVE_SYS_STAT_H 1
#define HAVE_STDLIB_H 1
#define HAVE_STRING_H 1
#define HAVE_MEMORY_H 1
#define HAVE_STRINGS_H 1
#define HAVE_INTTYPES_H 1
#define HAVE_STDINT_H 1
#define HAVE_UNISTD_H 1
#define HAVE_SSE2 1
#define HAVE_AVX2 1
#define HAVE_FLUSH_ZERO_MODE 1
#define HAVE_SSE2 1
#define HAVE_AVX2 1
#define HAVE_GZIP 1
#define HAVE_ENDIAN_H 1
#define HAVE_INTTYPES_H 1
#define HAVE_STDINT_H 1
#define HAVE_UNISTD_H 1
#define HAVE_SYS_TYPES_H 1
#define HAVE_NETINET_IN_H 1
#define HAVE_SYS_PARAM_H 1
#define HAVE_SYS_SYSCTL_H 1
#define HAVE_EMMINTRIN_H 1
#define HAVE_PMMINTRIN_H 1
#define HAVE_XMMINTRIN_H 1
#define HAVE_FUNC_ATTRIBUTE_NORETURN 1
#define HAVE_MKSTEMP 1
#define HAVE_POPEN 1
#define HAVE_STRCASECMP 1
#define HAVE_TIMES 1
#define HAVE_GETPID 1
#define HAVE_STRSEP 1
#define HAVE_SYSCTL 1
#define HAVE_SYSCONF 1
#define HAVE_GETCWD 1
#define HAVE_STAT 1
#define HAVE_STRSEP 1
#define HAVE_FSTAT 1
#define HAVE_ERFC 1
#define HAVE_NTOHS 1
#define HAVE_NTOHL 1
#define HAVE_HTONS 1
#define HAVE_HTONL 1
#define HAVE_FSEEKO 1

configure: exit 0
