\BOOKMARK [0][-]{chapter*.2}{\376\377\000I\000n\000t\000r\000o\000d\000u\000c\000t\000i\000o\000n}{}% 1
\BOOKMARK [1][-]{section*.3}{\376\377\000H\000o\000w\000\040\000t\000o\000\040\000a\000v\000o\000i\000d\000\040\000r\000e\000a\000d\000i\000n\000g\000\040\000t\000h\000i\000s\000\040\000m\000a\000n\000u\000a\000l}{chapter*.2}% 2
\BOOKMARK [1][-]{section*.4}{\376\377\000B\000a\000c\000k\000g\000r\000o\000u\000n\000d\000\040\000a\000n\000d\000\040\000b\000r\000i\000e\000f\000\040\000h\000i\000s\000t\000o\000r\000y}{chapter*.2}% 3
\BOOKMARK [1][-]{section*.5}{\376\377\000P\000r\000o\000b\000l\000e\000m\000s\000\040\000H\000M\000M\000E\000R\000\040\000i\000s\000\040\000d\000e\000s\000i\000g\000n\000e\000d\000\040\000f\000o\000r}{chapter*.2}% 4
\BOOKMARK [1][-]{section*.10}{\376\377\000H\000M\000M\000E\000R\000\040\000u\000s\000e\000s\000\040\000e\000n\000s\000e\000m\000b\000l\000e\000\040\000a\000l\000g\000o\000r\000i\000t\000h\000m\000s\000,\000\040\000n\000o\000t\000\040\000o\000p\000t\000i\000m\000a\000l\000\040\000a\000l\000i\000g\000n\000m\000e\000n\000t}{chapter*.2}% 5
\BOOKMARK [1][-]{section*.14}{\376\377\000A\000s\000s\000u\000m\000p\000t\000i\000o\000n\000s\000\040\000a\000n\000d\000\040\000l\000i\000m\000i\000t\000a\000t\000i\000o\000n\000s\000\040\000o\000f\000\040\000p\000r\000o\000f\000i\000l\000e\000\040\000H\000M\000M\000s}{chapter*.2}% 6
\BOOKMARK [1][-]{section*.15}{\376\377\000H\000o\000w\000\040\000t\000o\000\040\000l\000e\000a\000r\000n\000\040\000m\000o\000r\000e}{chapter*.2}% 7
\BOOKMARK [1][-]{section*.16}{\376\377\000H\000o\000w\000\040\000t\000o\000\040\000c\000i\000t\000e\000\040\000H\000M\000M\000E\000R}{chapter*.2}% 8
\BOOKMARK [1][-]{section*.17}{\376\377\000H\000o\000w\000\040\000t\000o\000\040\000r\000e\000p\000o\000r\000t\000\040\000a\000\040\000b\000u\000g}{chapter*.2}% 9
\BOOKMARK [1][-]{section*.18}{\376\377\000W\000h\000e\000n\000'\000s\000\040\000H\000M\000M\000E\000R\0004\000\040\000c\000o\000m\000i\000n\000g\000?}{chapter*.2}% 10
\BOOKMARK [1][-]{section*.24}{\376\377\000W\000h\000a\000t\000'\000s\000\040\000s\000t\000i\000l\000l\000\040\000m\000i\000s\000s\000i\000n\000g}{chapter*.2}% 11
\BOOKMARK [1][-]{section*.27}{\376\377\000H\000o\000w\000\040\000t\000o\000\040\000a\000v\000o\000i\000d\000\040\000u\000s\000i\000n\000g\000\040\000t\000h\000i\000s\000\040\000s\000o\000f\000t\000w\000a\000r\000e\000\040\000\050\000l\000i\000n\000k\000s\000\040\000t\000o\000\040\000s\000i\000m\000i\000l\000a\000r\000\040\000s\000o\000f\000t\000w\000a\000r\000e\000\051}{chapter*.2}% 12
\BOOKMARK [0][-]{chapter*.28}{\376\377\000I\000n\000s\000t\000a\000l\000l\000a\000t\000i\000o\000n}{}% 13
\BOOKMARK [1][-]{section*.29}{\376\377\000Q\000u\000i\000c\000k\000e\000s\000t\000:\000\040\000i\000n\000s\000t\000a\000l\000l\000\040\000a\000\040\000p\000r\000e\000c\000o\000m\000p\000i\000l\000e\000d\000\040\000b\000i\000n\000a\000r\000y\000\040\000p\000a\000c\000k\000a\000g\000e}{chapter*.28}% 14
\BOOKMARK [1][-]{section*.30}{\376\377\000Q\000u\000i\000c\000k\000-\000i\000s\000h\000:\000\040\000c\000o\000m\000p\000i\000l\000e\000\040\000t\000h\000e\000\040\000s\000o\000u\000r\000c\000e\000\040\000c\000o\000d\000e}{chapter*.28}% 15
\BOOKMARK [1][-]{section*.31}{\376\377\000G\000e\000e\000k\000y\000:\000\040\000c\000o\000m\000p\000i\000l\000e\000\040\000s\000o\000u\000r\000c\000e\000\040\000f\000r\000o\000m\000\040\000o\000u\000r\000\040\000g\000i\000t\000h\000u\000b\000\040\000r\000e\000p\000o\000s\000i\000t\000o\000r\000y}{chapter*.28}% 16
\BOOKMARK [1][-]{section*.32}{\376\377\000G\000o\000r\000y\000\040\000d\000e\000t\000a\000i\000l\000s}{chapter*.28}% 17
\BOOKMARK [0][-]{chapter*.51}{\376\377\000T\000u\000t\000o\000r\000i\000a\000l}{}% 18
\BOOKMARK [1][-]{section*.52}{\376\377\000T\000a\000p\000,\000\040\000t\000a\000p\000;\000\040\000i\000s\000\040\000t\000h\000i\000s\000\040\000t\000h\000i\000n\000g\000\040\000o\000n\000?}{chapter*.51}% 19
\BOOKMARK [1][-]{section*.53}{\376\377\000T\000h\000e\000\040\000p\000r\000o\000g\000r\000a\000m\000s\000\040\000i\000n\000\040\000H\000M\000M\000E\000R}{chapter*.51}% 20
\BOOKMARK [1][-]{section*.54}{\376\377\000R\000u\000n\000n\000i\000n\000g\000\040\000a\000\040\000H\000M\000M\000E\000R\000\040\000p\000r\000o\000g\000r\000a\000m}{chapter*.51}% 21
\BOOKMARK [1][-]{section*.55}{\376\377\000F\000i\000l\000e\000s\000\040\000u\000s\000e\000d\000\040\000i\000n\000\040\000t\000h\000e\000\040\000t\000u\000t\000o\000r\000i\000a\000l}{chapter*.51}% 22
\BOOKMARK [1][-]{section*.56}{\376\377\000O\000n\000\040\000s\000e\000q\000u\000e\000n\000c\000e\000\040\000f\000i\000l\000e\000\040\000f\000o\000r\000m\000a\000t\000s\000,\000\040\000b\000r\000i\000e\000f\000l\000y}{chapter*.51}% 23
\BOOKMARK [1][-]{section*.57}{\376\377\000S\000e\000a\000r\000c\000h\000i\000n\000g\000\040\000a\000\040\000s\000e\000q\000u\000e\000n\000c\000e\000\040\000d\000a\000t\000a\000b\000a\000s\000e\000\040\000w\000i\000t\000h\000\040\000a\000\040\000p\000r\000o\000f\000i\000l\000e}{chapter*.51}% 24
\BOOKMARK [1][-]{section*.60}{\376\377\000S\000i\000n\000g\000l\000e\000\040\000s\000e\000q\000u\000e\000n\000c\000e\000\040\000p\000r\000o\000t\000e\000i\000n\000\040\000q\000u\000e\000r\000i\000e\000s\000\040\000u\000s\000i\000n\000g\000\040\000p\000h\000m\000m\000e\000r}{chapter*.51}% 25
\BOOKMARK [1][-]{section*.61}{\376\377\000I\000t\000e\000r\000a\000t\000i\000v\000e\000\040\000p\000r\000o\000t\000e\000i\000n\000\040\000s\000e\000a\000r\000c\000h\000e\000s\000\040\000u\000s\000i\000n\000g\000\040\000j\000a\000c\000k\000h\000m\000m\000e\000r}{chapter*.51}% 26
\BOOKMARK [1][-]{section*.62}{\376\377\000S\000e\000a\000r\000c\000h\000i\000n\000g\000\040\000a\000\040\000p\000r\000o\000f\000i\000l\000e\000\040\000d\000a\000t\000a\000b\000a\000s\000e\000\040\000w\000i\000t\000h\000\040\000a\000\040\000q\000u\000e\000r\000y\000\040\000s\000e\000q\000u\000e\000n\000c\000e}{chapter*.51}% 27
\BOOKMARK [1][-]{section*.67}{\376\377\000C\000r\000e\000a\000t\000i\000n\000g\000\040\000m\000u\000l\000t\000i\000p\000l\000e\000\040\000a\000l\000i\000g\000n\000m\000e\000n\000t\000s\000\040\000w\000i\000t\000h\000\040\000h\000m\000m\000a\000l\000i\000g\000n}{chapter*.51}% 28
\BOOKMARK [1][-]{section*.68}{\376\377\000S\000e\000a\000r\000c\000h\000i\000n\000g\000\040\000D\000N\000A\000\040\000s\000e\000q\000u\000e\000n\000c\000e\000s}{chapter*.51}% 29
\BOOKMARK [0][-]{chapter*.71}{\376\377\000T\000h\000e\000\040\000H\000M\000M\000E\000R\000\040\000p\000r\000o\000f\000i\000l\000e\000/\000s\000e\000q\000u\000e\000n\000c\000e\000\040\000c\000o\000m\000p\000a\000r\000i\000s\000o\000n\000\040\000p\000i\000p\000e\000l\000i\000n\000e}{}% 30
\BOOKMARK [1][-]{section*.72}{\376\377\000N\000u\000l\000l\000\040\000m\000o\000d\000e\000l}{chapter*.71}% 31
\BOOKMARK [1][-]{section*.73}{\376\377\000M\000S\000V\000\040\000f\000i\000l\000t\000e\000r}{chapter*.71}% 32
\BOOKMARK [1][-]{section*.74}{\376\377\000B\000i\000a\000s\000e\000d\000\040\000c\000o\000m\000p\000o\000s\000i\000t\000i\000o\000n\000\040\000f\000i\000l\000t\000e\000r}{chapter*.71}% 33
\BOOKMARK [1][-]{section*.75}{\376\377\000V\000i\000t\000e\000r\000b\000i\000\040\000f\000i\000l\000t\000e\000r}{chapter*.71}% 34
\BOOKMARK [1][-]{section*.76}{\376\377\000F\000o\000r\000w\000a\000r\000d\000\040\000f\000i\000l\000t\000e\000r\000/\000p\000a\000r\000s\000e\000r}{chapter*.71}% 35
\BOOKMARK [1][-]{section*.77}{\376\377\000D\000o\000m\000a\000i\000n\000\040\000d\000e\000f\000i\000n\000i\000t\000i\000o\000n}{chapter*.71}% 36
\BOOKMARK [1][-]{section*.84}{\376\377\000M\000o\000d\000i\000f\000i\000c\000a\000t\000i\000o\000n\000s\000\040\000t\000o\000\040\000t\000h\000e\000\040\000p\000i\000p\000e\000l\000i\000n\000e\000\040\000a\000s\000\040\000u\000s\000e\000d\000\040\000f\000o\000r\000\040\000D\000N\000A\000\040\000s\000e\000a\000r\000c\000h}{chapter*.71}% 37
\BOOKMARK [0][-]{chapter*.88}{\376\377\000T\000a\000b\000u\000l\000a\000r\000\040\000o\000u\000t\000p\000u\000t\000\040\000f\000o\000r\000m\000a\000t\000s}{}% 38
\BOOKMARK [1][-]{section*.89}{\376\377\000T\000h\000e\000\040\000t\000a\000r\000g\000e\000t\000\040\000h\000i\000t\000s\000\040\000t\000a\000b\000l\000e}{chapter*.88}% 39
\BOOKMARK [1][-]{section*.92}{\376\377\000T\000h\000e\000\040\000d\000o\000m\000a\000i\000n\000\040\000h\000i\000t\000s\000\040\000t\000a\000b\000l\000e\000\040\000\050\000p\000r\000o\000t\000e\000i\000n\000\040\000s\000e\000a\000r\000c\000h\000\040\000o\000n\000l\000y\000\051}{chapter*.88}% 40
\BOOKMARK [0][-]{chapter*.93}{\376\377\000M\000a\000n\000u\000a\000l\000\040\000p\000a\000g\000e\000s\000\040\000f\000o\000r\000\040\000H\000M\000M\000E\000R\000\040\000p\000r\000o\000g\000r\000a\000m\000s}{}% 41
\BOOKMARK [1][-]{section*.94}{\376\377\000a\000l\000i\000m\000a\000s\000k\000\040\000-\000\040\000c\000a\000l\000c\000u\000l\000a\000t\000e\000\040\000a\000n\000d\000\040\000a\000d\000d\000\040\000c\000o\000l\000u\000m\000n\000\040\000m\000a\000s\000k\000\040\000t\000o\000\040\000a\000\040\000m\000u\000l\000t\000i\000p\000l\000e\000\040\000s\000e\000q\000u\000e\000n\000c\000e\000\040\000a\000l\000i\000g\000n\000m\000e\000n\000t}{chapter*.93}% 42
\BOOKMARK [1][-]{section*.95}{\376\377\000h\000m\000m\000a\000l\000i\000g\000n\000\040\000-\000\040\000a\000l\000i\000g\000n\000\040\000s\000e\000q\000u\000e\000n\000c\000e\000s\000\040\000t\000o\000\040\000a\000\040\000p\000r\000o\000f\000i\000l\000e\000\040}{chapter*.93}% 43
\BOOKMARK [1][-]{section*.96}{\376\377\000h\000m\000m\000b\000u\000i\000l\000d\000\040\000-\000\040\000c\000o\000n\000s\000t\000r\000u\000c\000t\000\040\000p\000r\000o\000f\000i\000l\000e\000s\000\040\000f\000r\000o\000m\000\040\000m\000u\000l\000t\000i\000p\000l\000e\000\040\000s\000e\000q\000u\000e\000n\000c\000e\000\040\000a\000l\000i\000g\000n\000m\000e\000n\000t\000s\000\040}{chapter*.93}% 44
\BOOKMARK [1][-]{section*.97}{\376\377\000h\000m\000m\000c\0002\000\040\000-\000\040\000e\000x\000a\000m\000p\000l\000e\000\040\000c\000l\000i\000e\000n\000t\000\040\000f\000o\000r\000\040\000t\000h\000e\000\040\000H\000M\000M\000E\000R\000\040\000d\000a\000e\000m\000o\000n\000\040}{chapter*.93}% 45
\BOOKMARK [1][-]{section*.98}{\376\377\000h\000m\000m\000c\000o\000n\000v\000e\000r\000t\000\040\000-\000\040\000c\000o\000n\000v\000e\000r\000t\000\040\000p\000r\000o\000f\000i\000l\000e\000\040\000f\000i\000l\000e\000\040\000t\000o\000\040\000v\000a\000r\000i\000o\000u\000s\000\040\000f\000o\000r\000m\000a\000t\000s\000\040}{chapter*.93}% 46
\BOOKMARK [1][-]{section*.99}{\376\377\000h\000m\000m\000e\000m\000i\000t\000\040\000-\000\040\000s\000a\000m\000p\000l\000e\000\040\000s\000e\000q\000u\000e\000n\000c\000e\000s\000\040\000f\000r\000o\000m\000\040\000a\000\040\000p\000r\000o\000f\000i\000l\000e\000\040}{chapter*.93}% 47
\BOOKMARK [1][-]{section*.100}{\376\377\000h\000m\000m\000f\000e\000t\000c\000h\000\040\000-\000\040\000r\000e\000t\000r\000i\000e\000v\000e\000\040\000p\000r\000o\000f\000i\000l\000e\000s\000\040\000f\000r\000o\000m\000\040\000a\000\040\000f\000i\000l\000e\000\040}{chapter*.93}% 48
\BOOKMARK [1][-]{section*.101}{\376\377\000h\000m\000m\000l\000o\000g\000o\000\040\000-\000\040\000p\000r\000o\000d\000u\000c\000e\000\040\000a\000\040\000c\000o\000n\000s\000e\000r\000v\000a\000t\000i\000o\000n\000\040\000l\000o\000g\000o\000\040\000g\000r\000a\000p\000h\000i\000c\000\040\000f\000r\000o\000m\000\040\000a\000\040\000p\000r\000o\000f\000i\000l\000e\000\040}{chapter*.93}% 49
\BOOKMARK [1][-]{section*.102}{\376\377\000h\000m\000m\000p\000g\000m\000d\000\040\000-\000\040\000d\000a\000e\000m\000o\000n\000\040\000f\000o\000r\000\040\000d\000a\000t\000a\000b\000a\000s\000e\000\040\000s\000e\000a\000r\000c\000h\000\040\000w\000e\000b\000\040\000s\000e\000r\000v\000i\000c\000e\000s\000\040}{chapter*.93}% 50
\BOOKMARK [1][-]{section*.103}{\376\377\000h\000m\000m\000p\000g\000m\000d\000\137\000s\000h\000a\000r\000d\000\040\000-\000\040\000s\000h\000a\000r\000d\000e\000d\000\040\000d\000a\000e\000m\000o\000n\000\040\000f\000o\000r\000\040\000d\000a\000t\000a\000b\000a\000s\000e\000\040\000s\000e\000a\000r\000c\000h\000\040\000w\000e\000b\000\040\000s\000e\000r\000v\000i\000c\000e\000s\000\040}{chapter*.93}% 51
\BOOKMARK [1][-]{section*.104}{\376\377\000h\000m\000m\000p\000r\000e\000s\000s\000\040\000-\000\040\000p\000r\000e\000p\000a\000r\000e\000\040\000a\000\040\000p\000r\000o\000f\000i\000l\000e\000\040\000d\000a\000t\000a\000b\000a\000s\000e\000\040\000f\000o\000r\000\040\000h\000m\000m\000s\000c\000a\000n\000\040}{chapter*.93}% 52
\BOOKMARK [1][-]{section*.105}{\376\377\000h\000m\000m\000s\000c\000a\000n\000\040\000-\000\040\000s\000e\000a\000r\000c\000h\000\040\000s\000e\000q\000u\000e\000n\000c\000e\000\050\000s\000\051\000\040\000a\000g\000a\000i\000n\000s\000t\000\040\000a\000\040\000p\000r\000o\000f\000i\000l\000e\000\040\000d\000a\000t\000a\000b\000a\000s\000e\000\040}{chapter*.93}% 53
\BOOKMARK [1][-]{section*.106}{\376\377\000h\000m\000m\000s\000e\000a\000r\000c\000h\000\040\000-\000\040\000s\000e\000a\000r\000c\000h\000\040\000p\000r\000o\000f\000i\000l\000e\000\050\000s\000\051\000\040\000a\000g\000a\000i\000n\000s\000t\000\040\000a\000\040\000s\000e\000q\000u\000e\000n\000c\000e\000\040\000d\000a\000t\000a\000b\000a\000s\000e\000\040}{chapter*.93}% 54
\BOOKMARK [1][-]{section*.107}{\376\377\000h\000m\000m\000s\000i\000m\000\040\000-\000\040\000c\000o\000l\000l\000e\000c\000t\000\040\000p\000r\000o\000f\000i\000l\000e\000\040\000s\000c\000o\000r\000e\000\040\000d\000i\000s\000t\000r\000i\000b\000u\000t\000i\000o\000n\000s\000\040\000o\000n\000\040\000r\000a\000n\000d\000o\000m\000\040\000s\000e\000q\000u\000e\000n\000c\000e\000s\000\040}{chapter*.93}% 55
\BOOKMARK [1][-]{section*.108}{\376\377\000h\000m\000m\000s\000t\000a\000t\000\040\000-\000\040\000s\000u\000m\000m\000a\000r\000y\000\040\000s\000t\000a\000t\000i\000s\000t\000i\000c\000s\000\040\000f\000o\000r\000\040\000a\000\040\000p\000r\000o\000f\000i\000l\000e\000\040\000f\000i\000l\000e\000\040}{chapter*.93}% 56
\BOOKMARK [1][-]{section*.109}{\376\377\000j\000a\000c\000k\000h\000m\000m\000e\000r\000\040\000-\000\040\000i\000t\000e\000r\000a\000t\000i\000v\000e\000l\000y\000\040\000s\000e\000a\000r\000c\000h\000\040\000s\000e\000q\000u\000e\000n\000c\000e\000\050\000s\000\051\000\040\000a\000g\000a\000i\000n\000s\000t\000\040\000a\000\040\000s\000e\000q\000u\000e\000n\000c\000e\000\040\000d\000a\000t\000a\000b\000a\000s\000e}{chapter*.93}% 57
\BOOKMARK [1][-]{section*.110}{\376\377\000m\000a\000k\000e\000h\000m\000m\000e\000r\000d\000b\000\040\000-\000\040\000b\000u\000i\000l\000d\000\040\000n\000h\000m\000m\000e\000r\000\040\000d\000a\000t\000a\000b\000a\000s\000e\000\040\000f\000r\000o\000m\000\040\000a\000\040\000s\000e\000q\000u\000e\000n\000c\000e\000\040\000f\000i\000l\000e\000\040}{chapter*.93}% 58
\BOOKMARK [1][-]{section*.111}{\376\377\000n\000h\000m\000m\000e\000r\000\040\000-\000\040\000s\000e\000a\000r\000c\000h\000\040\000D\000N\000A\000\040\000q\000u\000e\000r\000i\000e\000s\000\040\000a\000g\000a\000i\000n\000s\000t\000\040\000a\000\040\000D\000N\000A\000\040\000s\000e\000q\000u\000e\000n\000c\000e\000\040\000d\000a\000t\000a\000b\000a\000s\000e\000\040}{chapter*.93}% 59
\BOOKMARK [1][-]{section*.112}{\376\377\000n\000h\000m\000m\000s\000c\000a\000n\000\040\000-\000\040\000s\000e\000a\000r\000c\000h\000\040\000D\000N\000A\000\040\000s\000e\000q\000u\000e\000n\000c\000e\000\050\000s\000\051\000\040\000a\000g\000a\000i\000n\000s\000t\000\040\000a\000\040\000D\000N\000A\000\040\000p\000r\000o\000f\000i\000l\000e\000\040\000d\000a\000t\000a\000b\000a\000s\000e\000\040}{chapter*.93}% 60
\BOOKMARK [1][-]{section*.113}{\376\377\000p\000h\000m\000m\000e\000r\000\040\000-\000\040\000s\000e\000a\000r\000c\000h\000\040\000p\000r\000o\000t\000e\000i\000n\000\040\000s\000e\000q\000u\000e\000n\000c\000e\000\050\000s\000\051\000\040\000a\000g\000a\000i\000n\000s\000t\000\040\000a\000\040\000p\000r\000o\000t\000e\000i\000n\000\040\000s\000e\000q\000u\000e\000n\000c\000e\000\040\000d\000a\000t\000a\000b\000a\000s\000e}{chapter*.93}% 61
\BOOKMARK [0][-]{chapter*.114}{\376\377\000M\000a\000n\000u\000a\000l\000\040\000p\000a\000g\000e\000s\000\040\000f\000o\000r\000\040\000E\000a\000s\000e\000l\000\040\000m\000i\000n\000i\000a\000p\000p\000s}{}% 62
\BOOKMARK [1][-]{section*.115}{\376\377\000e\000s\000l\000-\000a\000f\000e\000t\000c\000h\000\040\000-\000\040\000r\000e\000t\000r\000i\000e\000v\000e\000\040\000a\000l\000i\000g\000n\000m\000e\000n\000t\000s\000\040\000f\000r\000o\000m\000\040\000a\000\040\000m\000u\000l\000t\000i\000-\000M\000S\000A\000\040\000d\000a\000t\000a\000b\000a\000s\000e\000\040}{chapter*.114}% 63
\BOOKMARK [1][-]{section*.116}{\376\377\000e\000s\000l\000-\000a\000l\000i\000m\000a\000n\000i\000p\000\040\000-\000\040\000m\000a\000n\000i\000p\000u\000l\000a\000t\000e\000\040\000a\000\040\000m\000u\000l\000t\000i\000p\000l\000e\000\040\000s\000e\000q\000u\000e\000n\000c\000e\000\040\000a\000l\000i\000g\000n\000m\000e\000n\000t\000\040}{chapter*.114}% 64
\BOOKMARK [1][-]{section*.117}{\376\377\000e\000s\000l\000-\000a\000l\000i\000m\000a\000p\000\040\000-\000\040\000m\000a\000p\000\040\000t\000w\000o\000\040\000a\000l\000i\000g\000n\000m\000e\000n\000t\000s\000\040\000t\000o\000\040\000e\000a\000c\000h\000\040\000o\000t\000h\000e\000r\000\040}{chapter*.114}% 65
\BOOKMARK [1][-]{section*.118}{\376\377\000e\000s\000l\000-\000a\000l\000i\000m\000a\000s\000k\000\040\000-\000\040\000r\000e\000m\000o\000v\000e\000\040\000c\000o\000l\000u\000m\000n\000s\000\040\000f\000r\000o\000m\000\040\000a\000\040\000m\000u\000l\000t\000i\000p\000l\000e\000\040\000s\000e\000q\000u\000e\000n\000c\000e\000\040\000a\000l\000i\000g\000n\000m\000e\000n\000t\000\040}{chapter*.114}% 66
\BOOKMARK [1][-]{section*.119}{\376\377\000e\000s\000l\000-\000a\000l\000i\000m\000e\000r\000g\000e\000\040\000-\000\040\000m\000e\000r\000g\000e\000\040\000a\000l\000i\000g\000n\000m\000e\000n\000t\000s\000\040\000b\000a\000s\000e\000d\000\040\000o\000n\000\040\000t\000h\000e\000i\000r\000\040\000r\000e\000f\000e\000r\000e\000n\000c\000e\000\040\000\050\000R\000F\000\051\000\040\000a\000n\000n\000o\000t\000a\000t\000i\000o\000n}{chapter*.114}% 67
\BOOKMARK [1][-]{section*.120}{\376\377\000e\000s\000l\000-\000a\000l\000i\000p\000i\000d\000\040\000-\000\040\000c\000a\000l\000c\000u\000l\000a\000t\000e\000\040\000p\000a\000i\000r\000w\000i\000s\000e\000\040\000p\000e\000r\000c\000e\000n\000t\000\040\000i\000d\000e\000n\000t\000i\000t\000i\000e\000s\000\040\000f\000o\000r\000\040\000a\000l\000l\000\040\000s\000e\000q\000u\000e\000n\000c\000e}{chapter*.114}% 68
\BOOKMARK [1][-]{section*.121}{\376\377\000e\000s\000l\000-\000a\000l\000i\000r\000e\000v\000\040\000-\000\040\000r\000e\000v\000e\000r\000s\000e\000\040\000c\000o\000m\000p\000l\000e\000m\000e\000n\000t\000\040\000a\000\040\000m\000u\000l\000t\000i\000p\000l\000e\000\040\000a\000l\000i\000g\000n\000m\000e\000n\000t\000\040}{chapter*.114}% 69
\BOOKMARK [1][-]{section*.122}{\376\377\000e\000s\000l\000-\000a\000l\000i\000s\000t\000a\000t\000\040\000-\000\040\000s\000u\000m\000m\000a\000r\000i\000z\000e\000\040\000a\000\040\000m\000u\000l\000t\000i\000p\000l\000e\000\040\000s\000e\000q\000u\000e\000n\000c\000e\000\040\000a\000l\000i\000g\000n\000m\000e\000n\000t\000\040\000f\000i\000l\000e\000\040}{chapter*.114}% 70
\BOOKMARK [1][-]{section*.123}{\376\377\000e\000s\000l\000-\000c\000o\000m\000p\000a\000l\000i\000g\000n\000\040\000-\000\040\000c\000o\000m\000p\000a\000r\000e\000\040\000t\000w\000o\000\040\000m\000u\000l\000t\000i\000p\000l\000e\000\040\000s\000e\000q\000u\000e\000n\000c\000e\000\040\000a\000l\000i\000g\000n\000m\000e\000n\000t\000s\000\040}{chapter*.114}% 71
\BOOKMARK [1][-]{section*.124}{\376\377\000e\000s\000l\000-\000c\000o\000m\000p\000s\000t\000r\000u\000c\000t\000\040\000-\000\040\000c\000a\000l\000c\000u\000l\000a\000t\000e\000\040\000a\000c\000c\000u\000r\000a\000c\000y\000\040\000o\000f\000\040\000R\000N\000A\000\040\000s\000e\000c\000o\000n\000d\000a\000r\000y\000\040\000s\000t\000r\000u\000c\000t\000u\000r\000e\000\040\000p\000r\000e\000d\000i\000c\000t\000i\000o\000n\000s}{chapter*.114}% 72
\BOOKMARK [1][-]{section*.125}{\376\377\000e\000s\000l\000-\000c\000o\000n\000s\000t\000r\000u\000c\000t\000\040\000-\000\040\000d\000e\000s\000c\000r\000i\000b\000e\000\040\000o\000r\000\040\000c\000r\000e\000a\000t\000e\000\040\000a\000\040\000c\000o\000n\000s\000e\000n\000s\000u\000s\000\040\000s\000e\000c\000o\000n\000d\000a\000r\000y\000\040\000s\000t\000r\000u\000c\000t\000u\000r\000e\000\040}{chapter*.114}% 73
\BOOKMARK [1][-]{section*.126}{\376\377\000e\000s\000l\000-\000h\000i\000s\000t\000p\000l\000o\000t\000\040\000-\000\040\000c\000o\000l\000l\000a\000t\000e\000\040\000d\000a\000t\000a\000\040\000h\000i\000s\000t\000o\000g\000r\000a\000m\000,\000\040\000o\000u\000t\000p\000u\000t\000\040\000x\000m\000g\000r\000a\000c\000e\000\040\000d\000a\000t\000a\000f\000i\000l\000e\000\040}{chapter*.114}% 74
\BOOKMARK [1][-]{section*.127}{\376\377\000e\000s\000l\000-\000m\000a\000s\000k\000\040\000-\000\040\000m\000a\000s\000k\000\040\000s\000e\000q\000u\000e\000n\000c\000e\000\040\000r\000e\000s\000i\000d\000u\000e\000s\000\040\000w\000i\000t\000h\000\040\000X\000'\000s\000\040\000\050\000o\000r\000\040\000o\000t\000h\000e\000r\000\040\000c\000h\000a\000r\000a\000c\000t\000e\000r\000s\000\051\000\040}{chapter*.114}% 75
\BOOKMARK [1][-]{section*.128}{\376\377\000e\000s\000l\000-\000m\000i\000x\000d\000c\000h\000l\000e\000t\000\040\000-\000\040\000f\000i\000t\000t\000i\000n\000g\000\040\000m\000i\000x\000t\000u\000r\000e\000\040\000D\000i\000r\000i\000c\000h\000l\000e\000t\000s\000\040\000t\000o\000\040\000c\000o\000u\000n\000t\000\040\000d\000a\000t\000a\000\040}{chapter*.114}% 76
\BOOKMARK [1][-]{section*.129}{\376\377\000e\000s\000l\000-\000r\000e\000f\000o\000r\000m\000a\000t\000\040\000-\000\040\000c\000o\000n\000v\000e\000r\000t\000\040\000s\000e\000q\000u\000e\000n\000c\000e\000\040\000f\000i\000l\000e\000\040\000f\000o\000r\000m\000a\000t\000s\000\040}{chapter*.114}% 77
\BOOKMARK [1][-]{section*.130}{\376\377\000e\000s\000l\000-\000s\000e\000l\000e\000c\000t\000n\000\040\000-\000\040\000s\000e\000l\000e\000c\000t\000\040\000r\000a\000n\000d\000o\000m\000\040\000s\000u\000b\000s\000e\000t\000\040\000o\000f\000\040\000l\000i\000n\000e\000s\000\040\000f\000r\000o\000m\000\040\000f\000i\000l\000e\000\040}{chapter*.114}% 78
\BOOKMARK [1][-]{section*.131}{\376\377\000e\000s\000l\000-\000s\000e\000q\000r\000a\000n\000g\000e\000\040\000-\000\040\000d\000e\000t\000e\000r\000m\000i\000n\000e\000\040\000a\000\040\000r\000a\000n\000g\000e\000\040\000o\000f\000\040\000s\000e\000q\000u\000e\000n\000c\000e\000s\000\040\000f\000o\000r\000\040\000o\000n\000e\000\040\000o\000f\000\040\000m\000a\000n\000y\000\040\000p\000a\000r\000a\000l\000l\000e\000l}{chapter*.114}% 79
\BOOKMARK [1][-]{section*.132}{\376\377\000e\000s\000l\000-\000s\000e\000q\000s\000t\000a\000t\000\040\000-\000\040\000s\000u\000m\000m\000a\000r\000i\000z\000e\000\040\000c\000o\000n\000t\000e\000n\000t\000s\000\040\000o\000f\000\040\000a\000\040\000s\000e\000q\000u\000e\000n\000c\000e\000\040\000f\000i\000l\000e\000\040}{chapter*.114}% 80
\BOOKMARK [1][-]{section*.133}{\376\377\000e\000s\000l\000-\000s\000f\000e\000t\000c\000h\000\040\000-\000\040\000r\000e\000t\000r\000i\000e\000v\000e\000\040\000\050\000s\000u\000b\000-\000\051\000s\000e\000q\000u\000e\000n\000c\000e\000s\000\040\000f\000r\000o\000m\000\040\000a\000\040\000s\000e\000q\000u\000e\000n\000c\000e\000\040\000f\000i\000l\000e\000\040}{chapter*.114}% 81
\BOOKMARK [1][-]{section*.134}{\376\377\000e\000s\000l\000-\000s\000h\000u\000f\000f\000l\000e\000\040\000-\000\040\000s\000h\000u\000f\000f\000l\000i\000n\000g\000\040\000s\000e\000q\000u\000e\000n\000c\000e\000s\000\040\000o\000r\000\040\000g\000e\000n\000e\000r\000a\000t\000i\000n\000g\000\040\000r\000a\000n\000d\000o\000m\000\040\000o\000n\000e\000s\000\040}{chapter*.114}% 82
\BOOKMARK [1][-]{section*.135}{\376\377\000e\000s\000l\000-\000s\000s\000d\000r\000a\000w\000\040\000-\000\040\000c\000r\000e\000a\000t\000e\000\040\000p\000o\000s\000t\000s\000c\000r\000i\000p\000t\000\040\000s\000e\000c\000o\000n\000d\000a\000r\000y\000\040\000s\000t\000r\000u\000c\000t\000u\000r\000e\000\040\000d\000i\000a\000g\000r\000a\000m\000s\000\040}{chapter*.114}% 83
\BOOKMARK [1][-]{section*.136}{\376\377\000e\000s\000l\000-\000t\000r\000a\000n\000s\000l\000a\000t\000e\000\040\000-\000\040\000t\000r\000a\000n\000s\000l\000a\000t\000e\000\040\000D\000N\000A\000\040\000s\000e\000q\000u\000e\000n\000c\000e\000\040\000i\000n\000\040\000s\000i\000x\000\040\000f\000r\000a\000m\000e\000s\000\040\000i\000n\000t\000o\000\040\000i\000n\000d\000i\000v\000i\000d\000u\000a\000l}{chapter*.114}% 84
\BOOKMARK [1][-]{section*.137}{\376\377\000e\000s\000l\000-\000w\000e\000i\000g\000h\000t\000\040\000-\000\040\000c\000a\000l\000c\000u\000l\000a\000t\000e\000\040\000s\000e\000q\000u\000e\000n\000c\000e\000\040\000w\000e\000i\000g\000h\000t\000s\000\040\000i\000n\000\040\000M\000S\000A\000\050\000s\000\051\000\040}{chapter*.114}% 85
\BOOKMARK [0][-]{chapter*.138}{\376\377\000I\000n\000p\000u\000t\000\040\000f\000i\000l\000e\000s\000\040\000a\000n\000d\000\040\000f\000o\000r\000m\000a\000t\000s}{}% 86
\BOOKMARK [1][-]{section*.139}{\376\377\000R\000e\000a\000d\000i\000n\000g\000\040\000f\000r\000o\000m\000\040\000f\000i\000l\000e\000s\000,\000\040\000c\000o\000m\000p\000r\000e\000s\000s\000e\000d\000\040\000f\000i\000l\000e\000s\000,\000\040\000a\000n\000d\000\040\000p\000i\000p\000e\000s}{chapter*.138}% 87
\BOOKMARK [1][-]{section*.141}{\376\377\000H\000M\000M\000E\000R\000\040\000p\000r\000o\000f\000i\000l\000e\000\040\000H\000M\000M\000\040\000f\000i\000l\000e\000s}{chapter*.138}% 88
\BOOKMARK [1][-]{section*.144}{\376\377\000S\000t\000o\000c\000k\000h\000o\000l\000m\000,\000\040\000t\000h\000e\000\040\000r\000e\000c\000o\000m\000m\000e\000n\000d\000e\000d\000\040\000m\000u\000l\000t\000i\000p\000l\000e\000\040\000s\000e\000q\000u\000e\000n\000c\000e\000\040\000a\000l\000i\000g\000n\000m\000e\000n\000t\000\040\000f\000o\000r\000m\000a\000t}{chapter*.138}% 89
\BOOKMARK [1][-]{section*.151}{\376\377\000A\0002\000M\000\040\000m\000u\000l\000t\000i\000p\000l\000e\000\040\000a\000l\000i\000g\000n\000m\000e\000n\000t\000\040\000f\000o\000r\000m\000a\000t}{chapter*.138}% 90
\BOOKMARK [1][-]{section*.155}{\376\377\000h\000m\000m\000p\000g\000m\000d\000\040\000s\000e\000q\000u\000e\000n\000c\000e\000\040\000d\000a\000t\000a\000b\000a\000s\000e\000\040\000f\000o\000r\000m\000a\000t}{chapter*.138}% 91
\BOOKMARK [1][-]{section*.159}{\376\377\000S\000c\000o\000r\000e\000\040\000m\000a\000t\000r\000i\000x\000\040\000f\000i\000l\000e\000s}{chapter*.138}% 92
\BOOKMARK [0][-]{chapter*.160}{\376\377\000A\000c\000k\000n\000o\000w\000l\000e\000d\000g\000e\000m\000e\000n\000t\000s\000\040\000a\000n\000d\000\040\000h\000i\000s\000t\000o\000r\000y}{}% 93
