This is pdfTeX, Version 3.141592653-2.6-1.40.25 (TeX Live 2023) (preloaded format=pdflatex 2023.6.15)  15 FEB 2024 17:24
entering extended mode
 restricted \write18 enabled.
 %&-line parsing enabled.
**server
(./server.tex
LaTeX2e <2022-11-01> patch level 1
L3 programming layer <2023-02-22> (./tufte-book.cls
Document Class: tufte-book 2015/06/30 v3.5.3 Tufte-book class
(./tufte-common.def
File: tufte-common.def 2015/06/21 v3.5.2 Common code for the Tufte-LaTeX styles


(/usr/local/texlive/2023/texmf-dist/tex/latex/xkeyval/xkeyval.sty
Package: xkeyval 2022/06/16 v2.9 package option processing (HA)

(/usr/local/texlive/2023/texmf-dist/tex/generic/xkeyval/xkeyval.tex
(/usr/local/texlive/2023/texmf-dist/tex/generic/xkeyval/xkvutils.tex
\XKV@toks=\toks16
\XKV@tempa@toks=\toks17

(/usr/local/texlive/2023/texmf-dist/tex/generic/xkeyval/keyval.tex))
\XKV@depth=\count185
File: xkeyval.tex 2014/12/03 v2.7a key=value parser (HA)
))
(/usr/local/texlive/2023/texmf-dist/tex/latex/xifthen/xifthen.sty
Package: xifthen 2015/11/05 v1.4.0 Extended ifthen features

(/usr/local/texlive/2023/texmf-dist/tex/latex/tools/calc.sty
Package: calc 2017/05/25 v4.3 Infix arithmetic (KKT,FJ)
\calc@Acount=\count186
\calc@Bcount=\count187
\calc@Adimen=\dimen140
\calc@Bdimen=\dimen141
\calc@Askip=\skip48
\calc@Bskip=\skip49
LaTeX Info: Redefining \setlength on input line 80.
LaTeX Info: Redefining \addtolength on input line 81.
\calc@Ccount=\count188
\calc@Cskip=\skip50
)
(/usr/local/texlive/2023/texmf-dist/tex/latex/base/ifthen.sty
Package: ifthen 2022/04/13 v1.1d Standard LaTeX ifthen package (DPC)
)
(/usr/local/texlive/2023/texmf-dist/tex/latex/ifmtarg/ifmtarg.sty
Package: ifmtarg 2018/04/16 v1.2b check for an empty argument
))
(/usr/local/texlive/2023/texmf-dist/tex/latex/hardwrap/hardwrap.sty
Package: hardwrap 2011/02/12 v0.2 Hard wrap messages

(/usr/local/texlive/2023/texmf-dist/tex/latex/ifplatform/ifplatform.sty
Package: ifplatform 2017/10/13 v0.4a Testing for the operating system

(/usr/local/texlive/2023/texmf-dist/tex/latex/tools/shellesc.sty
Package: shellesc 2019/11/08 v1.0c unified shell escape interface for LaTeX
Package shellesc Info: Restricted shell escape enabled on input line 77.
)
(/usr/local/texlive/2023/texmf-dist/tex/generic/pdftexcmds/pdftexcmds.sty
Package: pdftexcmds 2020-06-27 v0.33 Utility functions of pdfTeX for LuaTeX (HO
)

(/usr/local/texlive/2023/texmf-dist/tex/generic/infwarerr/infwarerr.sty
Package: infwarerr 2019/12/03 v1.5 Providing info/warning/error messages (HO)
)
(/usr/local/texlive/2023/texmf-dist/tex/generic/iftex/iftex.sty
Package: iftex 2022/02/03 v1.0f TeX engine tests
)
(/usr/local/texlive/2023/texmf-dist/tex/generic/ltxcmds/ltxcmds.sty
Package: ltxcmds 2020-05-10 v1.25 LaTeX kernel commands for general use (HO)
)
Package pdftexcmds Info: \pdf@primitive is available.
Package pdftexcmds Info: \pdf@ifprimitive is available.
Package pdftexcmds Info: \pdfdraftmode found.
)
(/usr/local/texlive/2023/texmf-dist/tex/generic/catchfile/catchfile.sty
Package: catchfile 2019/12/09 v1.8 Catch the contents of a file (HO)

(/usr/local/texlive/2023/texmf-dist/tex/generic/etexcmds/etexcmds.sty
Package: etexcmds 2019/12/15 v1.7 Avoid name clashes with e-TeX commands (HO)
))
(/usr/local/texlive/2023/texmf-dist/tex/generic/iftex/ifluatex.sty
Package: ifluatex 2019/10/25 v1.5 ifluatex legacy package. Use iftex instead.
)

Package ifplatform Warning: 
    shell escape is disabled, so I can only detect \ifwindows.

) (/usr/local/texlive/2023/texmf-dist/tex/generic/iftex/ifxetex.sty
Package: ifxetex 2019/10/25 v0.7 ifxetex legacy package. Use iftex instead.
)
\hw@charcount=\count189
\hw@wordcount=\count190
\hw@maxprintline=\count191

(|kpsewhich -var-value=max_print_line))
Class tufte-book Info: Passing openany to the `book' class.
Class tufte-book Info: Loading the base class `book'

(/usr/local/texlive/2023/texmf-dist/tex/latex/base/book.cls
Document Class: book 2022/07/02 v1.4n Standard LaTeX document class
(/usr/local/texlive/2023/texmf-dist/tex/latex/base/bk10.clo
File: bk10.clo 2022/07/02 v1.4n Standard LaTeX file (size option)
)
\c@part=\count192
\c@chapter=\count193
\c@section=\count194
\c@subsection=\count195
\c@subsubsection=\count196
\c@paragraph=\count197
\c@subparagraph=\count198
\c@figure=\count199
\c@table=\count266
\abovecaptionskip=\skip51
\belowcaptionskip=\skip52
\bibindent=\dimen142
)
(/usr/local/texlive/2023/texmf-dist/tex/generic/iftex/ifpdf.sty
Package: ifpdf 2019/10/25 v3.4 ifpdf legacy package. Use iftex instead.
)
(/usr/local/texlive/2023/texmf-dist/tex/latex/titlesec/titlesec.sty
Package: titlesec 2021/07/05 v2.14 Sectioning titles
\ttl@box=\box51
\beforetitleunit=\skip53
\aftertitleunit=\skip54
\ttl@plus=\dimen143
\ttl@minus=\dimen144
\ttl@toksa=\toks18
\titlewidth=\dimen145
\titlewidthlast=\dimen146
\titlewidthfirst=\dimen147
)
(/usr/local/texlive/2023/texmf-dist/tex/latex/titlesec/titletoc.sty
Package: titletoc 2021/07/05 v2.14 TOC entries
\ttl@leftsep=\dimen148
)
(/usr/local/texlive/2023/texmf-dist/tex/latex/hyperref/hyperref.sty
Package: hyperref 2023-02-07 v7.00v Hypertext links for LaTeX

(/usr/local/texlive/2023/texmf-dist/tex/latex/kvsetkeys/kvsetkeys.sty
Package: kvsetkeys 2022-10-05 v1.19 Key value parser (HO)
)
(/usr/local/texlive/2023/texmf-dist/tex/generic/kvdefinekeys/kvdefinekeys.sty
Package: kvdefinekeys 2019-12-19 v1.6 Define keys (HO)
)
(/usr/local/texlive/2023/texmf-dist/tex/generic/pdfescape/pdfescape.sty
Package: pdfescape 2019/12/09 v1.15 Implements pdfTeX's escape features (HO)
)
(/usr/local/texlive/2023/texmf-dist/tex/latex/hycolor/hycolor.sty
Package: hycolor 2020-01-27 v1.10 Color options for hyperref/bookmark (HO)
)
(/usr/local/texlive/2023/texmf-dist/tex/latex/letltxmacro/letltxmacro.sty
Package: letltxmacro 2019/12/03 v1.6 Let assignment for LaTeX macros (HO)
)
(/usr/local/texlive/2023/texmf-dist/tex/latex/auxhook/auxhook.sty
Package: auxhook 2019-12-17 v1.6 Hooks for auxiliary files (HO)
)
(/usr/local/texlive/2023/texmf-dist/tex/latex/hyperref/nameref.sty
Package: nameref 2022-05-17 v2.50 Cross-referencing by name of section

(/usr/local/texlive/2023/texmf-dist/tex/latex/refcount/refcount.sty
Package: refcount 2019/12/15 v3.6 Data extraction from label references (HO)
)
(/usr/local/texlive/2023/texmf-dist/tex/generic/gettitlestring/gettitlestring.s
ty
Package: gettitlestring 2019/12/15 v1.6 Cleanup title references (HO)
 (/usr/local/texlive/2023/texmf-dist/tex/latex/kvoptions/kvoptions.sty
Package: kvoptions 2022-06-15 v3.15 Key value format for package options (HO)
))
\c@section@level=\count267
)
\@linkdim=\dimen149
\Hy@linkcounter=\count268
\Hy@pagecounter=\count269

(/usr/local/texlive/2023/texmf-dist/tex/latex/hyperref/pd1enc.def
File: pd1enc.def 2023-02-07 v7.00v Hyperref: PDFDocEncoding definition (HO)
Now handling font encoding PD1 ...
... no UTF-8 mapping file for font encoding PD1
)
(/usr/local/texlive/2023/texmf-dist/tex/generic/intcalc/intcalc.sty
Package: intcalc 2019/12/15 v1.3 Expandable calculations with integers (HO)
)
\Hy@SavedSpaceFactor=\count270

(/usr/local/texlive/2023/texmf-dist/tex/latex/hyperref/puenc.def
File: puenc.def 2023-02-07 v7.00v Hyperref: PDF Unicode definition (HO)
Now handling font encoding PU ...
... no UTF-8 mapping file for font encoding PU
)
Package hyperref Info: Option `unicode' set `true' on input line 4060.
Package hyperref Info: Option `hyperfootnotes' set `false' on input line 4060.
Package hyperref Info: Hyper figures OFF on input line 4177.
Package hyperref Info: Link nesting OFF on input line 4182.
Package hyperref Info: Hyper index ON on input line 4185.
Package hyperref Info: Plain pages OFF on input line 4192.
Package hyperref Info: Backreferencing OFF on input line 4197.
Package hyperref Info: Implicit mode ON; LaTeX internals redefined.
Package hyperref Info: Bookmarks ON on input line 4425.
\c@Hy@tempcnt=\count271

(/usr/local/texlive/2023/texmf-dist/tex/latex/url/url.sty
\Urlmuskip=\muskip16
Package: url 2013/09/16  ver 3.4  Verb mode for urls, etc.
)
LaTeX Info: Redefining \url on input line 4763.
\XeTeXLinkMargin=\dimen150

(/usr/local/texlive/2023/texmf-dist/tex/generic/bitset/bitset.sty
Package: bitset 2019/12/09 v1.3 Handle bit-vector datatype (HO)

(/usr/local/texlive/2023/texmf-dist/tex/generic/bigintcalc/bigintcalc.sty
Package: bigintcalc 2019/12/15 v1.5 Expandable calculations on big integers (HO
)
))
\Fld@menulength=\count272
\Field@Width=\dimen151
\Fld@charsize=\dimen152
Package hyperref Info: Hyper figures OFF on input line 6042.
Package hyperref Info: Link nesting OFF on input line 6047.
Package hyperref Info: Hyper index ON on input line 6050.
Package hyperref Info: backreferencing OFF on input line 6057.
Package hyperref Info: Link coloring OFF on input line 6062.
Package hyperref Info: Link coloring with OCG OFF on input line 6067.
Package hyperref Info: PDF/A mode OFF on input line 6072.

(/usr/local/texlive/2023/texmf-dist/tex/latex/base/atbegshi-ltx.sty
Package: atbegshi-ltx 2021/01/10 v1.0c Emulation of the original atbegshi
package with kernel methods
)
\Hy@abspage=\count273
\c@Item=\count274
)
Package hyperref Info: Driver (autodetected): hpdftex.

(/usr/local/texlive/2023/texmf-dist/tex/latex/hyperref/hpdftex.def
File: hpdftex.def 2023-02-07 v7.00v Hyperref driver for pdfTeX

(/usr/local/texlive/2023/texmf-dist/tex/latex/base/atveryend-ltx.sty
Package: atveryend-ltx 2020/08/19 v1.0a Emulation of the original atveryend pac
kage
with kernel methods
)
\Fld@listcount=\count275
\c@bookmark@seq@number=\count276

(/usr/local/texlive/2023/texmf-dist/tex/latex/rerunfilecheck/rerunfilecheck.sty
Package: rerunfilecheck 2022-07-10 v1.10 Rerun checks for auxiliary files (HO)

(/usr/local/texlive/2023/texmf-dist/tex/generic/uniquecounter/uniquecounter.sty
Package: uniquecounter 2019/12/15 v1.4 Provide unlimited unique counter (HO)
)
Package uniquecounter Info: New unique counter `rerunfilecheck' on input line 2
85.
)
\Hy@SectionHShift=\skip55
) (/usr/local/texlive/2023/texmf-dist/tex/latex/ragged2e/ragged2e.sty
Package: ragged2e 2023/02/25 v3.4 ragged2e Package
\CenteringLeftskip=\skip56
\RaggedLeftLeftskip=\skip57
\RaggedRightLeftskip=\skip58
\CenteringRightskip=\skip59
\RaggedLeftRightskip=\skip60
\RaggedRightRightskip=\skip61
\CenteringParfillskip=\skip62
\RaggedLeftParfillskip=\skip63
\RaggedRightParfillskip=\skip64
\JustifyingParfillskip=\skip65
\CenteringParindent=\skip66
\RaggedLeftParindent=\skip67
\RaggedRightParindent=\skip68
\JustifyingParindent=\skip69
)
(/usr/local/texlive/2023/texmf-dist/tex/latex/geometry/geometry.sty
Package: geometry 2020/01/02 v5.9 Page Geometry

(/usr/local/texlive/2023/texmf-dist/tex/generic/iftex/ifvtex.sty
Package: ifvtex 2019/10/25 v1.7 ifvtex legacy package. Use iftex instead.
)
\Gm@cnth=\count277
\Gm@cntv=\count278
\c@Gm@tempcnt=\count279
\Gm@bindingoffset=\dimen153
\Gm@wd@mp=\dimen154
\Gm@odd@mp=\dimen155
\Gm@even@mp=\dimen156
\Gm@layoutwidth=\dimen157
\Gm@layoutheight=\dimen158
\Gm@layouthoffset=\dimen159
\Gm@layoutvoffset=\dimen160
\Gm@dimlist=\toks19
)
(/usr/local/texlive/2023/texmf-dist/tex/latex/changepage/changepage.sty
Package: changepage 2009/10/20 v1.0c check page and change page layout
\c@cp@cntr=\count280
\cp@tempcnt=\count281
)
\@tufte@overhang=\skip70
\@tufte@fullwidth=\skip71
\@tufte@caption@fill=\skip72

(/usr/local/texlive/2023/texmf-dist/tex/latex/paralist/paralist.sty
Package: paralist 2017/01/22 v2.7 Extended list environments
\pltopsep=\skip73
\plpartopsep=\skip74
\plitemsep=\skip75
\plparsep=\skip76
\pl@lab=\toks20
)
(/usr/local/texlive/2023/texmf-dist/tex/latex/textcase/textcase.sty
Package: textcase 2022/07/10 v1.03 Text only upper/lower case changing (DPC)
Package textcase Info: Defining Legacy names on input line 20.
)
(/usr/local/texlive/2023/texmf-dist/tex/latex/microtype/letterspace.sty
Package: letterspace 2023/03/13 v3.1a Robust letterspacing (RS)
LaTeX Info: Redefining \lsstyle on input line 340.
LaTeX Info: Redefining \lslig on input line 341.
LaTeX Info: Redefining \textls on input line 369.
\MT@outer@kern=\dimen161
)
(/usr/local/texlive/2023/texmf-dist/tex/latex/setspace/setspace.sty
Package: setspace 2022/12/04 v6.7b set line spacing
)
(/usr/local/texlive/2023/texmf-dist/tex/latex/xcolor/xcolor.sty
Package: xcolor 2022/06/12 v2.14 LaTeX color extensions (UK)

(/usr/local/texlive/2023/texmf-dist/tex/latex/graphics-cfg/color.cfg
File: color.cfg 2016/01/02 v1.6 sample color configuration
)
Package xcolor Info: Driver file: pdftex.def on input line 227.

(/usr/local/texlive/2023/texmf-dist/tex/latex/graphics-def/pdftex.def
File: pdftex.def 2022/09/22 v1.2b Graphics/color driver for pdftex
)
(/usr/local/texlive/2023/texmf-dist/tex/latex/graphics/mathcolor.ltx)
Package xcolor Info: Model `cmy' substituted by `cmy0' on input line 1353.
Package xcolor Info: Model `hsb' substituted by `rgb' on input line 1357.
Package xcolor Info: Model `RGB' extended on input line 1369.
Package xcolor Info: Model `HTML' substituted by `rgb' on input line 1371.
Package xcolor Info: Model `Hsb' substituted by `hsb' on input line 1372.
Package xcolor Info: Model `tHsb' substituted by `hsb' on input line 1373.
Package xcolor Info: Model `HSB' substituted by `hsb' on input line 1374.
Package xcolor Info: Model `Gray' substituted by `gray' on input line 1375.
Package xcolor Info: Model `wave' substituted by `hsb' on input line 1376.

(/usr/local/texlive/2023/texmf-dist/tex/latex/graphics/dvipsnam.def
File: dvipsnam.def 2016/06/17 v3.0m Driver-dependent file (DPC,SPQR)
)
(/usr/local/texlive/2023/texmf-dist/tex/latex/xcolor/svgnam.def
File: svgnam.def 2022/06/12 v2.14 Predefined colors according to SVG 1.1 (UK)
))
(/usr/local/texlive/2023/texmf-dist/tex/latex/natbib/natbib.sty
Package: natbib 2010/09/13 8.31b (PWD, AO)
\bibhang=\skip77
\bibsep=\skip78
LaTeX Info: Redefining \cite on input line 694.
\c@NAT@ctr=\count282
)
(/usr/local/texlive/2023/texmf-dist/tex/latex/natbib/bibentry.sty
Package: bibentry 2007/10/30 1.5 (PWD)
)
No file server.bbl.
\c@@tufte@num@bibkeys=\count283
(/usr/local/texlive/2023/texmf-dist/tex/latex/sauerj/optparams.sty
Package: optparams 2004/08/14 v0.9 multiple optional parameters in macros
)
\@tufte@sidenote@vertical@offset=\skip79

(/usr/local/texlive/2023/texmf-dist/tex/latex/placeins/placeins.sty
Package: placeins 2005/04/18  v 2.2
)
\@tufte@margin@floatbox=\box52
\@tufte@figure@box=\box53
\@tufte@caption@box=\box54
\@tufte@caption@vertical@offset=\skip80
\@tufte@float@contents@width=\skip81

(/usr/local/texlive/2023/texmf-dist/tex/latex/psnfss/mathpazo.sty
Package: mathpazo 2020/03/25 PSNFSS-v9.3 Palatino w/ Pazo Math (D.Puga, WaS) 
\symupright=\mathgroup4
)
(/usr/local/texlive/2023/texmf-dist/tex/latex/psnfss/helvet.sty
Package: helvet 2020/03/25 PSNFSS-v9.3 (WaS) 
)
(/usr/local/texlive/2023/texmf-dist/tex/latex/bera/beramono.sty
Package: beramono 2004/01/31 (WaS)
)
(/usr/local/texlive/2023/texmf-dist/tex/latex/base/fontenc.sty
Package: fontenc 2021/04/29 v2.0v Standard LaTeX package
LaTeX Font Info:    Trying to load font information for T1+pplj on input line 1
12.

(/usr/local/texlive/2023/texmf-dist/tex/latex/psnfss/t1pplj.fd
File: t1pplj.fd 2004/09/06 font definitions for T1/pplj.
))
(/usr/local/texlive/2023/texmf-dist/tex/latex/base/textcomp.sty
Package: textcomp 2020/02/02 v2.0n Standard LaTeX package
)
(/usr/local/texlive/2023/texmf-dist/tex/latex/fancyhdr/fancyhdr.sty
Package: fancyhdr 2022/11/09 v4.1 Extensive control of page headers and footers

\f@nch@headwidth=\skip82
\f@nch@O@elh=\skip83
\f@nch@O@erh=\skip84
\f@nch@O@olh=\skip85
\f@nch@O@orh=\skip86
\f@nch@O@elf=\skip87
\f@nch@O@erf=\skip88
\f@nch@O@olf=\skip89
\f@nch@O@orf=\skip90
)
\tufteskipamount=\skip91

(/usr/local/texlive/2023/texmf-dist/tex/latex/tools/multicol.sty
Package: multicol 2021/11/30 v1.9d multicolumn formatting (FMi)
\c@tracingmulticols=\count284
\mult@box=\box55
\multicol@leftmargin=\dimen162
\c@unbalance=\count285
\c@collectmore=\count286
\doublecol@number=\count287
\multicoltolerance=\count288
\multicolpretolerance=\count289
\full@width=\dimen163
\page@free=\dimen164
\premulticols=\dimen165
\postmulticols=\dimen166
\multicolsep=\skip92
\multicolbaselineskip=\skip93
\partial@page=\box56
\last@line=\box57
\maxbalancingoverflow=\dimen167
\mult@rightbox=\box58
\mult@grightbox=\box59
\mult@firstbox=\box60
\mult@gfirstbox=\box61
\@tempa=\box62
\@tempa=\box63
\@tempa=\box64
\@tempa=\box65
\@tempa=\box66
\@tempa=\box67
\@tempa=\box68
\@tempa=\box69
\@tempa=\box70
\@tempa=\box71
\@tempa=\box72
\@tempa=\box73
\@tempa=\box74
\@tempa=\box75
\@tempa=\box76
\@tempa=\box77
\@tempa=\box78
\@tempa=\box79
\@tempa=\box80
\@tempa=\box81
\@tempa=\box82
\@tempa=\box83
\@tempa=\box84
\@tempa=\box85
\@tempa=\box86
\@tempa=\box87
\@tempa=\box88
\@tempa=\box89
\@tempa=\box90
\@tempa=\box91
\@tempa=\box92
\@tempa=\box93
\@tempa=\box94
\@tempa=\box95
\@tempa=\box96
\@tempa=\box97
\c@minrows=\count290
\c@columnbadness=\count291
\c@finalcolumnbadness=\count292
\last@try=\dimen168
\multicolovershoot=\dimen169
\multicolundershoot=\dimen170
\mult@nat@firstbox=\box98
\colbreak@box=\box99
\mc@col@check@num=\count293
)
(./tufte-common-local.tex
(/usr/local/texlive/2023/texmf-dist/tex/latex/fancybox/fancybox.sty
Package: fancybox 2010/05/15 1.4

Style option: `fancybox' v1.4 <2010/05/15> (tvz)
\@fancybox=\box100
\shadowsize=\dimen171
\@Sbox=\box101
\do@VerbBox=\toks21
\the@fancyput=\toks22
\this@fancyput=\toks23
\EndVerbatimTokens=\toks24
\Verbatim@Outfile=\write3
\Verbatim@Infile=\read2
) (/usr/local/texlive/2023/texmf-dist/tex/latex/relsize/relsize.sty
Package: relsize 2013/03/29 ver 4.1
)
(/usr/local/texlive/2023/texmf-dist/tex/latex/fancyvrb/fancyvrb.sty
Package: fancyvrb 2023/01/19 4.5a verbatim text (tvz,hv)
\FV@CodeLineNo=\count294
\FV@InFile=\read3
\FV@TabBox=\box102
\c@FancyVerbLine=\count295
\FV@StepNumber=\count296
\FV@OutFile=\write4
LaTeX Info: Redefining \UseVerb on input line 1229.
)
Package hyperref Info: Option `colorlinks' set `true' on input line 12.
\sresavei=\skip94
\sresaves=\skip95
)
Class tufte-book Info: Loading tufte-common-local.tex
))
(/usr/local/texlive/2023/texmf-dist/tex/latex/graphics/graphicx.sty
Package: graphicx 2021/09/16 v1.2d Enhanced LaTeX Graphics (DPC,SPQR)

(/usr/local/texlive/2023/texmf-dist/tex/latex/graphics/graphics.sty
Package: graphics 2022/03/10 v1.4e Standard LaTeX Graphics (DPC,SPQR)

(/usr/local/texlive/2023/texmf-dist/tex/latex/graphics/trig.sty
Package: trig 2021/08/11 v1.11 sin cos tan (DPC)
)
(/usr/local/texlive/2023/texmf-dist/tex/latex/graphics-cfg/graphics.cfg
File: graphics.cfg 2016/06/04 v1.11 sample graphics configuration
)
Package graphics Info: Driver file: pdftex.def on input line 107.
)
\Gin@req@height=\dimen172
\Gin@req@width=\dimen173
)
(/usr/local/texlive/2023/texmf-dist/tex/latex/tools/xspace.sty
Package: xspace 2014/10/28 v1.13 Space after command names (DPC,MH)
)
(./titlepage_server.tex)
(/usr/local/texlive/2023/texmf-dist/tex/latex/l3backend/l3backend-pdftex.def
File: l3backend-pdftex.def 2023-01-16 L3 backend support: PDF output (pdfTeX)
\l__color_backend_stack_int=\count297
\l__pdf_internal_box=\box103
)
(./server.aux)
\openout1 = `server.aux'.

LaTeX Font Info:    Checking defaults for OML/cmm/m/it on input line 15.
LaTeX Font Info:    ... okay on input line 15.
LaTeX Font Info:    Checking defaults for OMS/cmsy/m/n on input line 15.
LaTeX Font Info:    ... okay on input line 15.
LaTeX Font Info:    Checking defaults for OT1/cmr/m/n on input line 15.
LaTeX Font Info:    ... okay on input line 15.
LaTeX Font Info:    Checking defaults for T1/cmr/m/n on input line 15.
LaTeX Font Info:    ... okay on input line 15.
LaTeX Font Info:    Checking defaults for TS1/cmr/m/n on input line 15.
LaTeX Font Info:    ... okay on input line 15.
LaTeX Font Info:    Checking defaults for OMX/cmex/m/n on input line 15.
LaTeX Font Info:    ... okay on input line 15.
LaTeX Font Info:    Checking defaults for U/cmr/m/n on input line 15.
LaTeX Font Info:    ... okay on input line 15.
LaTeX Font Info:    Checking defaults for PD1/pdf/m/n on input line 15.
LaTeX Font Info:    ... okay on input line 15.
LaTeX Font Info:    Checking defaults for PU/pdf/m/n on input line 15.
LaTeX Font Info:    ... okay on input line 15.
Package hyperref Info: Link coloring ON on input line 15.
 (./server.out) (./server.out)
\@outlinefile=\write5
\openout5 = `server.out'.


*geometry* driver: auto-detecting
*geometry* detected driver: pdftex
*geometry* verbose mode - [ preamble ] result:
* driver: pdftex
* paper: letterpaper
* layout: <same size as paper>
* layoutoffset:(h,v)=(0.0pt,0.0pt)
* modes: twoside asymmetric 
* h-part:(L,W,R)=(72.26999pt, 312.0pt, 230.02501pt)
* v-part:(T,H,B)=(72.26999pt, 616.0pt, 106.7pt)
* \paperwidth=614.295pt
* \paperheight=794.96999pt
* \textwidth=312.0pt
* \textheight=616.0pt
* \oddsidemargin=0.0pt
* \evensidemargin=0.0pt
* \topmargin=-42.0pt
* \headheight=14.0pt
* \headsep=28.0pt
* \topskip=10.0pt
* \footskip=25.29494pt
* \marginparwidth=144.0pt
* \marginparsep=24.0pt
* \columnsep=10.0pt
* \skip\footins=9.0pt plus 4.0pt minus 2.0pt
* \hoffset=0.0pt
* \voffset=0.0pt
* \mag=1000
* \@twocolumnfalse
* \@twosidetrue
* \@mparswitchfalse
* \@reversemarginfalse
* (1in=72.27pt=25.4mm, 1cm=28.453pt)

\langwohyphens=\language87
(/usr/local/texlive/2023/texmf-dist/tex/context/base/mkii/supp-pdf.mkii
[Loading MPS to PDF converter (version 2006.09.02).]
\scratchcounter=\count298
\scratchdimen=\dimen174
\scratchbox=\box104
\nofMPsegments=\count299
\nofMParguments=\count300
\everyMPshowfont=\toks25
\MPscratchCnt=\count301
\MPscratchDim=\dimen175
\MPnumerator=\count302
\makeMPintoPDFobject=\count303
\everyMPtoPDFconversion=\toks26
) (/usr/local/texlive/2023/texmf-dist/tex/latex/epstopdf-pkg/epstopdf-base.sty
Package: epstopdf-base 2020-01-24 v2.11 Base part for package epstopdf
Package epstopdf-base Info: Redefining graphics rule for `.eps' on input line 4
85.

(/usr/local/texlive/2023/texmf-dist/tex/latex/latexconfig/epstopdf-sys.cfg
File: epstopdf-sys.cfg 2010/07/13 v1.3 Configuration of (r)epstopdf for TeX Liv
e
))
\big@size=\dimen176

(./inclusions/inclusions.def)
LaTeX Font Info:    Calculating math sizes for size <14> on input line 19.
LaTeX Font Info:    Trying to load font information for OT1+pplx on input line 
19.

(/usr/local/texlive/2023/texmf-dist/tex/latex/psnfss/ot1pplx.fd
File: ot1pplx.fd 2004/09/06 font definitions for OT1/pplx.
)
LaTeX Font Info:    Trying to load font information for OML+zplm on input line 
19.

(/usr/local/texlive/2023/texmf-dist/tex/latex/psnfss/omlzplm.fd
File: omlzplm.fd 2002/09/08 Fontinst v1.914 font definitions for OML/zplm.
)
LaTeX Font Info:    Trying to load font information for OMS+zplm on input line 
19.

(/usr/local/texlive/2023/texmf-dist/tex/latex/psnfss/omszplm.fd
File: omszplm.fd 2002/09/08 Fontinst v1.914 font definitions for OMS/zplm.
)
LaTeX Font Info:    Trying to load font information for OMX+zplm on input line 
19.

(/usr/local/texlive/2023/texmf-dist/tex/latex/psnfss/omxzplm.fd
File: omxzplm.fd 2002/09/08 Fontinst v1.914 font definitions for OMX/zplm.
)
LaTeX Font Info:    Trying to load font information for OT1+zplm on input line 
19.

(/usr/local/texlive/2023/texmf-dist/tex/latex/psnfss/ot1zplm.fd
File: ot1zplm.fd 2002/09/08 Fontinst v1.914 font definitions for OT1/zplm.
) [1


{/usr/local/texlive/2023/texmf-var/fonts/map/pdftex/updmap/pdftex.map}{/usr/loc
al/texlive/2023/texmf-dist/fonts/enc/dvips/base/8r.enc}] (./copyright.tex) [2

]
(./server.toc
LaTeX Font Info:    Trying to load font information for T1+fvm on input line 15
.
 (/usr/local/texlive/2023/texmf-dist/tex/latex/bera/t1fvm.fd
File: t1fvm.fd 2004/09/07 scalable font definitions for T1/fvm.
)
LaTeX Font Info:    Font shape `T1/fvm/b/n' will be
(Font)              scaled to size 6.80005pt on input line 15.
)
\tf@toc=\write6
\openout6 = `server.toc'.


[3

]
LaTeX Font Info:    Font shape `T1/fvm/m/n' will be
(Font)              scaled to size 6.80005pt on input line 29.

Overfull \hbox (3.97644pt too wide) in paragraph at lines 33--34
\T1/pplj/m/n/10 ma-chine. To-gether, these par-al-leliza-tion im-prove-ments re
-duce search
 []

[4

]
Overfull \hbox (10.16454pt too wide) in paragraph at lines 37--38
[]\T1/fvm/m/n/8 Hmmserver \T1/pplj/m/n/10 is im-ple-mented as an MPI ap-pli-ca-
tion, in con-trast to \T1/fvm/m/n/8 hmmclient\T1/pplj/m/n/10 ,
 []

[5]

LaTeX Warning: Marginpar on page 6 moved.

[6

]

LaTeX Warning: Marginpar on page 7 moved.


Underfull \hbox (badness 7685) in paragraph at lines 65--65
$[]$\T1/pplj/m/n/8 This may be an implementation-
 []


LaTeX Warning: Marginpar on page 7 moved.


Underfull \vbox (badness 1147) has occurred while \output is active []

 [7

]
Overfull \hbox (43.58386pt too wide) in paragraph at lines 76--78
[][]\T1/fvm/b/n/8 % hmmclient -s <servername> --db <d> <name of the file contai
ning the sequence(s)
 []

[8]
LaTeX Font Info:    Trying to load font information for TS1+pplj on input line 
90.
 (/usr/local/texlive/2023/texmf-dist/tex/latex/psnfss/ts1pplj.fd
File: ts1pplj.fd 2004/09/06 font definitions for TS1/pplj.
)
Overfull \hbox (5.07977pt too wide) in paragraph at lines 90--91
\T1/pplj/m/n/10 socket con-nec-tion, re-quir-ing that the client dis-con-nect f
rom the server
 []


Overfull \hbox (5.48987pt too wide) in paragraph at lines 91--92
\T1/pplj/m/n/10 of a com-mand, which worked be-cause it only ac-cepted text-for
matted
 []

[9

] [10]
LaTeX Font Info:    Font shape `T1/fvm/m/n' will be
(Font)              scaled to size 5.95004pt on input line 97.
<inclusions/server.pdf, id=144, 531.9875pt x 270.00874pt>
File: inclusions/server.pdf Graphic file (type pdf)
<use inclusions/server.pdf>
Package pdftex.def Info: inclusions/server.pdf  used on input line 99.
(pdftex.def)             Requested size: 480.0pt x 243.62773pt.

Underfull \hbox (badness 10000) in paragraph at lines 99--102

 []


Overfull \hbox (3.26917pt too wide) in paragraph at lines 97--104
\T1/pplj/m/n/10 topol-ogy, as shown in Fig-ure [][]1[][]. While the most-common
 use of \T1/fvm/m/n/8 hmmserver
 []


LaTeX Warning: Marginpar on page 11 moved.

[11

] [12 <./inclusions/server.pdf>]
Overfull \hbox (5.46794pt too wide) in paragraph at lines 113--114
[]\T1/fvm/m/n/8 Hmmserver \T1/pplj/m/n/10 im-proves load-balancing by adding wo
rk steal-ing to \T1/fvm/m/n/8 hmmpgmd\T1/pplj/m/n/10 's
 []


Underfull \hbox (badness 10000) in paragraph at lines 115--115
$[]$\T1/pplj/m/n/8 This was def-i-nitely true in the
 []


LaTeX Warning: Marginpar on page 13 moved.


Underfull \vbox (badness 6575) has occurred while \output is active []

 [13]
Underfull \vbox (badness 10000) has occurred while \output is active []

 [14]

LaTeX Warning: Marginpar on page 15 moved.

<inclusions/server_interface.pdf, id=174, 885.3075pt x 528.97626pt>
File: inclusions/server_interface.pdf Graphic file (type pdf)
<use inclusions/server_interface.pdf>
Package pdftex.def Info: inclusions/server_interface.pdf  used on input line 12
9.
(pdftex.def)             Requested size: 480.0pt x 286.80522pt.

Underfull \hbox (badness 10000) in paragraph at lines 129--132

 []

[15 <./inclusions/server_interface.pdf>]
LaTeX Font Info:    Font shape `T1/fvm/b/n' will be
(Font)              scaled to size 5.95004pt on input line 139.


LaTeX Warning: Marginpar on page 16 moved.


LaTeX Warning: Marginpar on page 16 moved.


Overfull \hbox (27.77112pt too wide) in paragraph at lines 141--153
\T1/fvm/b/n/8 >sp|Q6GZX3|002L_FRG3G Uncharacterized protein 002L OS=Frog virus 
3 (isolate Goorha) 
 []

[16]
Overfull \hbox (65.41245pt too wide) in paragraph at lines 162--163
\T1/pplj/m/n/10 When a \T1/fvm/m/n/8 hmmserver \T1/pplj/m/n/10 com-pletes a sea
rch, it sends a se-ri-al-ized[] HMMD_SEARCH_STATUS
 []


Overfull \hbox (46.12907pt too wide) in paragraph at lines 162--163
\T1/pplj/m/n/10 type field of the ob-ject is ei-ther HMMD_CMD_SEARCH or HMMD_CM
D_SCAN
 []


Overfull \hbox (3.11977pt too wide) in paragraph at lines 162--163
\T1/pplj/m/n/10 de-pend-ing on whether the tar-get database con-tained se-quenc
e or HMM
 []


LaTeX Warning: Marginpar on page 17 moved.

<inclusions/HMMD_SEARCH_STATUS.pdf, id=192, 515.9275pt x 66.2475pt>
File: inclusions/HMMD_SEARCH_STATUS.pdf Graphic file (type pdf)
<use inclusions/HMMD_SEARCH_STATUS.pdf>
Package pdftex.def Info: inclusions/HMMD_SEARCH_STATUS.pdf  used on input line 
165.
(pdftex.def)             Requested size: 480.0pt x 61.6358pt.

Underfull \hbox (badness 10000) in paragraph at lines 165--168

 []


Underfull \hbox (badness 10000) in paragraph at lines 168--168
\T1/pplj/m/n/8 Figure 3: Se-ri-al-ized
 []


Underfull \hbox (badness 10000) in paragraph at lines 168--168
\T1/pplj/m/n/8 HMMD_SEARCH_STATUS Struc-
 []

<inclusions/HMMD_SEARCH_STATS.pdf, id=194, 515.9275pt x 291.0875pt>
File: inclusions/HMMD_SEARCH_STATS.pdf Graphic file (type pdf)
<use inclusions/HMMD_SEARCH_STATS.pdf>
Package pdftex.def Info: inclusions/HMMD_SEARCH_STATS.pdf  used on input line 1
73.
(pdftex.def)             Requested size: 480.0pt x 270.82405pt.

Underfull \hbox (badness 10000) in paragraph at lines 173--176

 []


Underfull \hbox (badness 10000) in paragraph at lines 176--176
\T1/pplj/m/n/8 Figure 4: Se-ri-al-ized
 []


Underfull \hbox (badness 1242) in paragraph at lines 178--178
$[]$\T1/pplj/m/n/8 Because the map-ping of enums to
 []


Underfull \hbox (badness 3098) in paragraph at lines 178--178
\T1/pplj/m/n/8 bi-nary val-ues is not guar-an-teed to
 []


Underfull \hbox (badness 1264) in paragraph at lines 178--178
\T1/pplj/m/n/8 enums to and from spe-cific in-te-gers
 []


Overfull \hbox (16.95639pt too wide) in paragraph at lines 178--179
\T1/pplj/m/n/10 se-quence residues searched. The next four fields (n_past_msv, 
n_past_bias,
 []

[17 <./inclusions/HMMD_SEARCH_STATUS.pdf>]

LaTeX Warning: Marginpar on page 18 moved.

<inclusions/hit-serialize.pdf, id=207, 540.0175pt x 548.0475pt>
File: inclusions/hit-serialize.pdf Graphic file (type pdf)
<use inclusions/hit-serialize.pdf>
Package pdftex.def Info: inclusions/hit-serialize.pdf  used on input line 181.
(pdftex.def)             Requested size: 480.0pt x 487.15027pt.

Underfull \hbox (badness 10000) in paragraph at lines 181--184

 []

[18 <./inclusions/HMMD_SEARCH_STATS.pdf>] [19 <./inclusions/hit-serialize.pdf>]
<inclusions/domain-serialize.pdf, id=253, 515.9275pt x 258.9675pt>
File: inclusions/domain-serialize.pdf Graphic file (type pdf)
<use inclusions/domain-serialize.pdf>
Package pdftex.def Info: inclusions/domain-serialize.pdf  used on input line 19
2.
(pdftex.def)             Requested size: 480.0pt x 240.94pt.

Underfull \hbox (badness 10000) in paragraph at lines 192--195

 []

<inclusions/alidisplay-serialize.pdf, id=255, 515.9275pt x 580.1675pt>
File: inclusions/alidisplay-serialize.pdf Graphic file (type pdf)
<use inclusions/alidisplay-serialize.pdf>
Package pdftex.def Info: inclusions/alidisplay-serialize.pdf  used on input lin
e 199.
(pdftex.def)             Requested size: 480.0pt x 539.78035pt.

Underfull \hbox (badness 10000) in paragraph at lines 199--202

 []


Underfull \hbox (badness 1043) in paragraph at lines 202--202
\T1/pplj/m/n/8 Figure 7: Se-ri-al-ized P7_ALIDISPLAY
 []


LaTeX Warning: Marginpar on page 20 moved.


Overfull \hbox (16.52911pt too wide) in paragraph at lines 204--205
[]\T1/pplj/m/n/10 The P7_ALIDISPLAY struc-ture (Fig-ure [][]7[][]) con-tains a 
num-ber of variable-
 []

[20 <./inclusions/domain-serialize.pdf>] [21 <./inclusions/alidisplay-serialize
.pdf>] [22] (./manpages_server.tex
LaTeX Font Info:    Font shape `T1/fvm/b/it' in size <10> not available
(Font)              Font shape `T1/fvm/b/sl' tried instead on input line 7.
LaTeX Font Info:    Font shape `T1/fvm/b/sl' will be
(Font)              scaled to size 8.50006pt on input line 7.
LaTeX Font Info:    Font shape `T1/fvm/m/it' in size <8> not available
(Font)              Font shape `T1/fvm/m/sl' tried instead on input line 11.
LaTeX Font Info:    Font shape `T1/fvm/m/sl' will be
(Font)              scaled to size 6.80005pt on input line 11.

Overfull \hbox (8.43478pt too wide) in paragraph at lines 48--53
[]\T1/pplj/m/n/10 Instructs the server to search a sub-set of the items in the 
database
 []

[23

]
Overfull \hbox (3.06483pt too wide) in paragraph at lines 74--77
\T1/pplj/m/n/10 main de-tected in a query se-quence for each ho-mol-o-gous mode
l. 
 []


Overfull \hbox (6.5684pt too wide) in paragraph at lines 80--83
\T1/pplj/m/n/10 check-point the query HMM, sav-ing it to a file named \T1/fvm/m
/sl/8 prefix\T1/fvm/m/n/8 -\T1/fvm/m/sl/8 n\T1/fvm/m/n/8 .hmm
 []

[24]
Overfull \hbox (0.42491pt too wide) in paragraph at lines 113--118
\T1/pplj/m/n/10 SUM45, BLO-SUM50, BLO-SUM62, BLO-SUM80, or BLO-SUM90.
 []

[25] [26]
Overfull \hbox (0.97145pt too wide) in paragraph at lines 219--222
\T1/pplj/m/n/10 ward/Backward post-pro-cess-ing on ev-ery tar-get. This in-crea
ses
 []


Overfull \hbox (8.09488pt too wide) in paragraph at lines 230--237
\T1/pplj/m/n/10 ward/Backward al-go-rithms shoul-der an ab-nor-mally heavy load
. 
 []

[27]
Overfull \hbox (6.50151pt too wide) in paragraph at lines 275--276
[]\T1/pplj/m/n/10 No rel-a-tive weights. All se-quences are as-signed uni-form 
weight. 
 []


Overfull \hbox (3.0542pt too wide) in paragraph at lines 277--279
\T1/pplj/m/n/10 when us-ing \T1/fvm/m/n/8 --wblosum\T1/pplj/m/n/10 . In-valid w
ith any other weight-ing scheme.
 []

[28] [29] [30] [31] [32] [33])
No file server.bbl.
[34

] (./server.aux)
Package rerunfilecheck Info: File `server.out' has not changed.
(rerunfilecheck)             Checksum: C8EA15B4413B3D43795031134E5A17D7;2723.
 ) 
Here is how much of TeX's memory you used:
 13568 strings out of 476025
 218327 string characters out of 5790017
 1868388 words of memory out of 5000000
 33626 multiletter control sequences out of 15000+600000
 592304 words of font info for 150 fonts, out of 8000000 for 9000
 1142 hyphenation exceptions out of 8191
 97i,11n,93p,1677b,636s stack positions out of 10000i,1000n,20000p,200000b,200000s
</usr/local/texlive/2023/texmf-dist/fonts/type1/public/amsfonts/cm/cmmi10.pfb
></usr/local/texlive/2023/texmf-dist/fonts/type1/public/fpl/fplbj8a.pfb></usr/l
ocal/texlive/2023/texmf-dist/fonts/type1/public/fpl/fplrc8a.pfb></usr/local/tex
live/2023/texmf-dist/fonts/type1/public/bera/fvmb8a.pfb></usr/local/texlive/202
3/texmf-dist/fonts/type1/public/bera/fvmbo8a.pfb></usr/local/texlive/2023/texmf
-dist/fonts/type1/public/bera/fvmr8a.pfb></usr/local/texlive/2023/texmf-dist/fo
nts/type1/public/bera/fvmro8a.pfb></usr/local/texlive/2023/texmf-dist/fonts/typ
e1/urw/palatino/uplb8a.pfb></usr/local/texlive/2023/texmf-dist/fonts/type1/urw/
palatino/uplr8a.pfb></usr/local/texlive/2023/texmf-dist/fonts/type1/urw/palatin
o/uplri8a.pfb>
Output written on server.pdf (34 pages, 2557353 bytes).
PDF statistics:
 433 PDF objects out of 1000 (max. 8388607)
 307 compressed objects within 4 object streams
 58 named destinations out of 1000 (max. 500000)
 1188 words of extra memory for PDF output out of 10000 (max. 10000000)

